LOG  > 17:20:50 main.go:59: Setting datadir: C:\Users\Austin McKinley\haunts\data
LOG  > 17:20:50 main.go:201: Version 140aafd1a546695f6da96f606a20685e6f0a6ecc
LOG  > 17:20:50 registry.go:225: Registering directory: 'C:\Users\Austin McKinley\haunts\data\furniture'
LOG  > 17:20:50 registry.go:156: Registering C:\Users\Austin McKinley\haunts\data\furniture\armor\armor.json
LOG  > 17:20:50 registry.go:156: Registering C:\Users\Austin McKinley\haunts\data\furniture\armor_01_black\armor_01_black.json
LOG  > 17:20:50 registry.go:156: Registering C:\Users\Austin McKinley\haunts\data\furniture\barrels\barrels_01_black.json
LOG  > 17:20:50 registry.go:156: Registering C:\Users\Austin McKinley\haunts\data\furniture\bed_master\bed_master.json
LOG  > 17:20:50 registry.go:156: Registering C:\Users\Austin McKinley\haunts\data\furniture\box\box_100.json
LOG  > 17:20:50 registry.go:156: Registering C:\Users\Austin McKinley\haunts\data\furniture\box\box_200.json
LOG  > 17:20:50 registry.go:156: Registering C:\Users\Austin McKinley\haunts\data\furniture\chair\chair.json
LOG  > 17:20:50 registry.go:156: Registering C:\Users\Austin McKinley\haunts\data\furniture\clock\clock.json
LOG  > 17:20:50 registry.go:156: Registering C:\Users\Austin McKinley\haunts\data\furniture\clock_02\clock_02.json
LOG  > 17:20:50 registry.go:156: Registering C:\Users\Austin McKinley\haunts\data\furniture\coal_fired_range\coal_fired_range.json
LOG  > 17:20:50 registry.go:156: Registering C:\Users\Austin McKinley\haunts\data\furniture\column\column.json
LOG  > 17:20:50 registry.go:156: Registering C:\Users\Austin McKinley\haunts\data\furniture\column_01_black\column_01_black.json
LOG  > 17:20:50 registry.go:156: Registering C:\Users\Austin McKinley\haunts\data\furniture\column_01_black\column_02_black.json
LOG  > 17:20:50 registry.go:156: Registering C:\Users\Austin McKinley\haunts\data\furniture\column_01_black\column_02b_black.json
LOG  > 17:20:50 registry.go:156: Registering C:\Users\Austin McKinley\haunts\data\furniture\column_01_black\column_02c_black.json
LOG  > 17:20:50 registry.go:156: Registering C:\Users\Austin McKinley\haunts\data\furniture\column_01_black\column_02d_black.json
LOG  > 17:20:50 registry.go:156: Registering C:\Users\Austin McKinley\haunts\data\furniture\column_01_black\column_02e_black.json
LOG  > 17:20:50 registry.go:156: Registering C:\Users\Austin McKinley\haunts\data\furniture\column_01_black\column_02f_black.json
LOG  > 17:20:50 registry.go:156: Registering C:\Users\Austin McKinley\haunts\data\furniture\column_01_black\column_512.json
LOG  > 17:20:50 registry.go:156: Registering C:\Users\Austin McKinley\haunts\data\furniture\column_01_black\column_513.json
LOG  > 17:20:50 registry.go:156: Registering C:\Users\Austin McKinley\haunts\data\furniture\face\face.json
LOG  > 17:20:50 registry.go:156: Registering C:\Users\Austin McKinley\haunts\data\furniture\kitchen_dresser\kitchen_dresser.json
LOG  > 17:20:50 registry.go:156: Registering C:\Users\Austin McKinley\haunts\data\furniture\plant\plant.json
LOG  > 17:20:50 registry.go:156: Registering C:\Users\Austin McKinley\haunts\data\furniture\snooker_table\snooker_table.json
LOG  > 17:20:50 registry.go:156: Registering C:\Users\Austin McKinley\haunts\data\furniture\spawns\cleanse.json
LOG  > 17:20:50 registry.go:156: Registering C:\Users\Austin McKinley\haunts\data\furniture\spawns\clue.json
LOG  > 17:20:50 registry.go:156: Registering C:\Users\Austin McKinley\haunts\data\furniture\spawns\exit.json
LOG  > 17:20:50 registry.go:156: Registering C:\Users\Austin McKinley\haunts\data\furniture\spawns\explorers.json
LOG  > 17:20:50 registry.go:156: Registering C:\Users\Austin McKinley\haunts\data\furniture\spawns\haunts.json
LOG  > 17:20:50 registry.go:156: Registering C:\Users\Austin McKinley\haunts\data\furniture\spawns\relic.json
LOG  > 17:20:50 registry.go:156: Registering C:\Users\Austin McKinley\haunts\data\furniture\statue_01_black\statue_01_black.json
LOG  > 17:20:50 registry.go:156: Registering C:\Users\Austin McKinley\haunts\data\furniture\statue_01_white\statue_01_white.json
LOG  > 17:20:50 registry.go:156: Registering C:\Users\Austin McKinley\haunts\data\furniture\table\table.json
LOG  > 17:20:50 registry.go:156: Registering C:\Users\Austin McKinley\haunts\data\furniture\table_02_experiment\table_02_Experiment.json
LOG  > 17:20:50 registry.go:156: Registering C:\Users\Austin McKinley\haunts\data\furniture\table_02_experiment\table_02_rect.json
LOG  > 17:20:50 registry.go:156: Registering C:\Users\Austin McKinley\haunts\data\furniture\table_02_experiment\table_02_square.json
LOG  > 17:20:50 registry.go:156: Registering C:\Users\Austin McKinley\haunts\data\furniture\toilet\toilet.json
LOG  > 17:20:50 registry.go:156: Registering C:\Users\Austin McKinley\haunts\data\furniture\z_space\z_space.json
LOG  > 17:20:50 registry.go:156: Registering C:\Users\Austin McKinley\haunts\data\furniture\z_space - Copy\z_space_1.json
LOG  > 17:20:50 registry.go:156: Registering C:\Users\Austin McKinley\haunts\data\furniture\z_space - Copy (2)\z_space2.json
LOG  > 17:20:50 registry.go:251: Completed directory 'C:\Users\Austin McKinley\haunts\data\furniture'
LOG  > 17:20:50 registry.go:225: Registering directory: 'C:\Users\Austin McKinley\haunts\data\textures'
LOG  > 17:20:50 registry.go:156: Registering C:\Users\Austin McKinley\haunts\data\textures\100x100.json
LOG  > 17:20:50 registry.go:156: Registering C:\Users\Austin McKinley\haunts\data\textures\bloodstain_drips.json
LOG  > 17:20:50 registry.go:156: Registering C:\Users\Austin McKinley\haunts\data\textures\bloodstain_splatter.json
LOG  > 17:20:50 registry.go:156: Registering C:\Users\Austin McKinley\haunts\data\textures\cobweb.json
LOG  > 17:20:50 registry.go:156: Registering C:\Users\Austin McKinley\haunts\data\textures\face100.json
LOG  > 17:20:50 registry.go:156: Registering C:\Users\Austin McKinley\haunts\data\textures\face200.json
LOG  > 17:20:50 registry.go:156: Registering C:\Users\Austin McKinley\haunts\data\textures\frame_01.json
LOG  > 17:20:50 registry.go:156: Registering C:\Users\Austin McKinley\haunts\data\textures\frame_02.json
LOG  > 17:20:50 registry.go:156: Registering C:\Users\Austin McKinley\haunts\data\textures\mask_01.json
LOG  > 17:20:50 registry.go:156: Registering C:\Users\Austin McKinley\haunts\data\textures\mouse_hole_lf.json
LOG  > 17:20:50 registry.go:156: Registering C:\Users\Austin McKinley\haunts\data\textures\mouse_hole_rf.json
LOG  > 17:20:50 registry.go:156: Registering C:\Users\Austin McKinley\haunts\data\textures\pentagram.json
LOG  > 17:20:50 registry.go:156: Registering C:\Users\Austin McKinley\haunts\data\textures\plaque_01.json
LOG  > 17:20:50 registry.go:156: Registering C:\Users\Austin McKinley\haunts\data\textures\rug-oval-large-01.json
LOG  > 17:20:50 registry.go:156: Registering C:\Users\Austin McKinley\haunts\data\textures\rug-oval-large-02.json
LOG  > 17:20:50 registry.go:156: Registering C:\Users\Austin McKinley\haunts\data\textures\rug-oval-large-03.json
LOG  > 17:20:50 registry.go:156: Registering C:\Users\Austin McKinley\haunts\data\textures\rug-oval-med-01.json
LOG  > 17:20:50 registry.go:156: Registering C:\Users\Austin McKinley\haunts\data\textures\rug-oval-med-02.json
LOG  > 17:20:50 registry.go:156: Registering C:\Users\Austin McKinley\haunts\data\textures\rug-oval-med-03.json
LOG  > 17:20:50 registry.go:156: Registering C:\Users\Austin McKinley\haunts\data\textures\rug-round-01.json
LOG  > 17:20:50 registry.go:156: Registering C:\Users\Austin McKinley\haunts\data\textures\rug-round-02.json
LOG  > 17:20:50 registry.go:156: Registering C:\Users\Austin McKinley\haunts\data\textures\rug-round-03.json
LOG  > 17:20:50 registry.go:156: Registering C:\Users\Austin McKinley\haunts\data\textures\rug-round-04.json
LOG  > 17:20:50 registry.go:156: Registering C:\Users\Austin McKinley\haunts\data\textures\rug-round-05.json
LOG  > 17:20:50 registry.go:156: Registering C:\Users\Austin McKinley\haunts\data\textures\rug-round-large-01.json
LOG  > 17:20:50 registry.go:156: Registering C:\Users\Austin McKinley\haunts\data\textures\rug-round-large-02.json
LOG  > 17:20:50 registry.go:156: Registering C:\Users\Austin McKinley\haunts\data\textures\rug-round-large-03.json
LOG  > 17:20:50 registry.go:156: Registering C:\Users\Austin McKinley\haunts\data\textures\rug-round-large-04.json
LOG  > 17:20:50 registry.go:156: Registering C:\Users\Austin McKinley\haunts\data\textures\rug-round-large-05.json
LOG  > 17:20:50 registry.go:156: Registering C:\Users\Austin McKinley\haunts\data\textures\rug-round-large-06.json
LOG  > 17:20:50 registry.go:156: Registering C:\Users\Austin McKinley\haunts\data\textures\rug-runner-01.json
LOG  > 17:20:50 registry.go:156: Registering C:\Users\Austin McKinley\haunts\data\textures\rug-runner-02.json
LOG  > 17:20:50 registry.go:156: Registering C:\Users\Austin McKinley\haunts\data\textures\rug-runner-03.json
LOG  > 17:20:50 registry.go:156: Registering C:\Users\Austin McKinley\haunts\data\textures\rug-runner-04.json
LOG  > 17:20:50 registry.go:156: Registering C:\Users\Austin McKinley\haunts\data\textures\rug-runner-05.json
LOG  > 17:20:50 registry.go:156: Registering C:\Users\Austin McKinley\haunts\data\textures\thorns_01.json
LOG  > 17:20:50 registry.go:156: Registering C:\Users\Austin McKinley\haunts\data\textures\thorns_02.json
LOG  > 17:20:50 registry.go:156: Registering C:\Users\Austin McKinley\haunts\data\textures\window_01.json
LOG  > 17:20:50 registry.go:156: Registering C:\Users\Austin McKinley\haunts\data\textures\window_02.json
LOG  > 17:20:50 registry.go:156: Registering C:\Users\Austin McKinley\haunts\data\textures\window_03.json
LOG  > 17:20:50 registry.go:156: Registering C:\Users\Austin McKinley\haunts\data\textures\window_04.json
LOG  > 17:20:50 registry.go:251: Completed directory 'C:\Users\Austin McKinley\haunts\data\textures'
LOG  > 17:20:50 registry.go:225: Registering directory: 'C:\Users\Austin McKinley\haunts\data\rooms'
LOG  > 17:20:50 registry.go:156: Registering C:\Users\Austin McKinley\haunts\data\rooms\bathroom.room
LOG  > 17:20:50 registry.go:156: Registering C:\Users\Austin McKinley\haunts\data\rooms\cave.room
LOG  > 17:20:50 registry.go:156: Registering C:\Users\Austin McKinley\haunts\data\rooms\cellar.room
LOG  > 17:20:50 registry.go:156: Registering C:\Users\Austin McKinley\haunts\data\rooms\chapel.room
LOG  > 17:20:50 registry.go:156: Registering C:\Users\Austin McKinley\haunts\data\rooms\dance-studio.room
LOG  > 17:20:50 registry.go:156: Registering C:\Users\Austin McKinley\haunts\data\rooms\dance-studio2.room
LOG  > 17:20:50 registry.go:156: Registering C:\Users\Austin McKinley\haunts\data\rooms\hall-o-mirrors.room
LOG  > 17:20:50 registry.go:156: Registering C:\Users\Austin McKinley\haunts\data\rooms\hallway.room
LOG  > 17:20:50 registry.go:156: Registering C:\Users\Austin McKinley\haunts\data\rooms\hallway2.room
LOG  > 17:20:50 registry.go:156: Registering C:\Users\Austin McKinley\haunts\data\rooms\kitchen.room
LOG  > 17:20:50 registry.go:156: Registering C:\Users\Austin McKinley\haunts\data\rooms\kitchen2.room
LOG  > 17:20:50 registry.go:156: Registering C:\Users\Austin McKinley\haunts\data\rooms\kitchen23.room
LOG  > 17:20:50 registry.go:156: Registering C:\Users\Austin McKinley\haunts\data\rooms\large.room
LOG  > 17:20:50 registry.go:156: Registering C:\Users\Austin McKinley\haunts\data\rooms\master-bedroom.room
LOG  > 17:20:50 registry.go:156: Registering C:\Users\Austin McKinley\haunts\data\rooms\parlour.room
LOG  > 17:20:50 registry.go:156: Registering C:\Users\Austin McKinley\haunts\data\rooms\pavillion.room
LOG  > 17:20:50 registry.go:156: Registering C:\Users\Austin McKinley\haunts\data\rooms\pit-of-despair.room
LOG  > 17:20:50 registry.go:156: Registering C:\Users\Austin McKinley\haunts\data\rooms\restest.room
LOG  > 17:20:50 registry.go:156: Registering C:\Users\Austin McKinley\haunts\data\rooms\terrace.room
LOG  > 17:20:50 registry.go:251: Completed directory 'C:\Users\Austin McKinley\haunts\data\rooms'
LOG  > 17:20:50 registry.go:225: Registering directory: 'C:\Users\Austin McKinley\haunts\data\doors'
LOG  > 17:20:50 registry.go:156: Registering C:\Users\Austin McKinley\haunts\data\doors\door_1.json
LOG  > 17:20:50 registry.go:156: Registering C:\Users\Austin McKinley\haunts\data\doors\door_2.json
LOG  > 17:20:50 registry.go:156: Registering C:\Users\Austin McKinley\haunts\data\doors\test_door_1.json
LOG  > 17:20:50 registry.go:156: Registering C:\Users\Austin McKinley\haunts\data\doors\test_door_2.json
LOG  > 17:20:50 registry.go:251: Completed directory 'C:\Users\Austin McKinley\haunts\data\doors'
LOG  > 17:20:50 registry.go:225: Registering directory: 'C:\Users\Austin McKinley\haunts\data\houses'
LOG  > 17:20:50 registry.go:156: Registering C:\Users\Austin McKinley\haunts\data\houses\cave.house
LOG  > 17:20:50 registry.go:156: Registering C:\Users\Austin McKinley\haunts\data\houses\dance-test.house
LOG  > 17:20:50 registry.go:156: Registering C:\Users\Austin McKinley\haunts\data\houses\farg.house
LOG  > 17:20:50 registry.go:156: Registering C:\Users\Austin McKinley\haunts\data\houses\floortest.house
LOG  > 17:20:50 registry.go:156: Registering C:\Users\Austin McKinley\haunts\data\houses\name.house
LOG  > 17:20:50 registry.go:156: Registering C:\Users\Austin McKinley\haunts\data\houses\secretcellar.house
LOG  > 17:20:50 registry.go:251: Completed directory 'C:\Users\Austin McKinley\haunts\data\houses'
LOG  > 17:20:50 registry.go:225: Registering directory: 'C:\Users\Austin McKinley\haunts\data\actions\aoe_attacks'
LOG  > 17:20:50 registry.go:156: Registering C:\Users\Austin McKinley\haunts\data\actions\aoe_attacks\abjuration.json
LOG  > 17:20:50 registry.go:156: Registering C:\Users\Austin McKinley\haunts\data\actions\aoe_attacks\arc_of_decay.json
LOG  > 17:20:50 registry.go:156: Registering C:\Users\Austin McKinley\haunts\data\actions\aoe_attacks\emr_inhibitor.json
LOG  > 17:20:50 registry.go:156: Registering C:\Users\Austin McKinley\haunts\data\actions\aoe_attacks\first_aid.json
LOG  > 17:20:50 registry.go:156: Registering C:\Users\Austin McKinley\haunts\data\actions\aoe_attacks\ghastly_howl.json
LOG  > 17:20:50 registry.go:156: Registering C:\Users\Austin McKinley\haunts\data\actions\aoe_attacks\paramagnetic_pulse.json
LOG  > 17:20:50 registry.go:156: Registering C:\Users\Austin McKinley\haunts\data\actions\aoe_attacks\poltergeist_blast.json
LOG  > 17:20:50 registry.go:156: Registering C:\Users\Austin McKinley\haunts\data\actions\aoe_attacks\telepathic_coordination.json
LOG  > 17:20:50 registry.go:156: Registering C:\Users\Austin McKinley\haunts\data\actions\aoe_attacks\visions_of_despair.json
LOG  > 17:20:50 registry.go:251: Completed directory 'C:\Users\Austin McKinley\haunts\data\actions\aoe_attacks'
LOG  > 17:20:50 registry.go:225: Registering directory: 'C:\Users\Austin McKinley\haunts\data\actions\basic_attacks'
LOG  > 17:20:50 registry.go:156: Registering C:\Users\Austin McKinley\haunts\data\actions\basic_attacks\agonizing_thoughts.json
LOG  > 17:20:50 registry.go:156: Registering C:\Users\Austin McKinley\haunts\data\actions\basic_attacks\chill_touch.json
LOG  > 17:20:50 registry.go:156: Registering C:\Users\Austin McKinley\haunts\data\actions\basic_attacks\dire_curse.json
LOG  > 17:20:50 registry.go:156: Registering C:\Users\Austin McKinley\haunts\data\actions\basic_attacks\diseased_kiss.json
LOG  > 17:20:50 registry.go:156: Registering C:\Users\Austin McKinley\haunts\data\actions\basic_attacks\eat_brains.json
LOG  > 17:20:50 registry.go:156: Registering C:\Users\Austin McKinley\haunts\data\actions\basic_attacks\ectoplasmic_discharge.json
LOG  > 17:20:50 registry.go:156: Registering C:\Users\Austin McKinley\haunts\data\actions\basic_attacks\exorcise.json
LOG  > 17:20:50 registry.go:156: Registering C:\Users\Austin McKinley\haunts\data\actions\basic_attacks\grave_grasp.json
LOG  > 17:20:50 registry.go:156: Registering C:\Users\Austin McKinley\haunts\data\actions\basic_attacks\kick.json
LOG  > 17:20:50 registry.go:156: Registering C:\Users\Austin McKinley\haunts\data\actions\basic_attacks\pistol.json
LOG  > 17:20:50 registry.go:156: Registering C:\Users\Austin McKinley\haunts\data\actions\basic_attacks\psychic_shroud.json
LOG  > 17:20:50 registry.go:156: Registering C:\Users\Austin McKinley\haunts\data\actions\basic_attacks\psychometric_disruptor.json
LOG  > 17:20:50 registry.go:156: Registering C:\Users\Austin McKinley\haunts\data\actions\basic_attacks\pummel.json
LOG  > 17:20:50 registry.go:156: Registering C:\Users\Austin McKinley\haunts\data\actions\basic_attacks\vengeful_curse.json
LOG  > 17:20:50 registry.go:251: Completed directory 'C:\Users\Austin McKinley\haunts\data\actions\basic_attacks'
LOG  > 17:20:50 registry.go:225: Registering directory: 'C:\Users\Austin McKinley\haunts\data\actions\movement'
LOG  > 17:20:50 registry.go:156: Registering C:\Users\Austin McKinley\haunts\data\actions\movement\test.json
LOG  > 17:20:50 registry.go:251: Completed directory 'C:\Users\Austin McKinley\haunts\data\actions\movement'
LOG  > 17:20:50 registry.go:225: Registering directory: 'C:\Users\Austin McKinley\haunts\data\actions\summons'
LOG  > 17:20:50 registry.go:156: Registering C:\Users\Austin McKinley\haunts\data\actions\summons\summon_angry_shade.json
LOG  > 17:20:50 registry.go:156: Registering C:\Users\Austin McKinley\haunts\data\actions\summons\summon_lost_soul.json
LOG  > 17:20:50 registry.go:251: Completed directory 'C:\Users\Austin McKinley\haunts\data\actions\summons'
LOG  > 17:20:50 registry.go:225: Registering directory: 'C:\Users\Austin McKinley\haunts\data\conditions\basic_conditions'
LOG  > 17:20:50 registry.go:156: Registering C:\Users\Austin McKinley\haunts\data\conditions\basic_conditions\diseased_kiss_con.json
LOG  > 17:20:50 registry.go:156: Registering C:\Users\Austin McKinley\haunts\data\conditions\basic_conditions\emr_inhibitor_con.json
LOG  > 17:20:50 registry.go:156: Registering C:\Users\Austin McKinley\haunts\data\conditions\basic_conditions\first_aid_con.json
LOG  > 17:20:50 registry.go:156: Registering C:\Users\Austin McKinley\haunts\data\conditions\basic_conditions\ghastly_howl_con.json
LOG  > 17:20:50 registry.go:156: Registering C:\Users\Austin McKinley\haunts\data\conditions\basic_conditions\grave_grasp_con.json
LOG  > 17:20:50 registry.go:156: Registering C:\Users\Austin McKinley\haunts\data\conditions\basic_conditions\psychic_shroud_con.json
LOG  > 17:20:50 registry.go:156: Registering C:\Users\Austin McKinley\haunts\data\conditions\basic_conditions\test.json
LOG  > 17:20:50 registry.go:156: Registering C:\Users\Austin McKinley\haunts\data\conditions\basic_conditions\vengeful_curse_con.json
LOG  > 17:20:50 registry.go:156: Registering C:\Users\Austin McKinley\haunts\data\conditions\basic_conditions\visions_of_despair_con.json
LOG  > 17:20:50 registry.go:251: Completed directory 'C:\Users\Austin McKinley\haunts\data\conditions\basic_conditions'
LOG  > 17:20:50 registry.go:225: Registering directory: 'C:\Users\Austin McKinley\haunts\data\entities'
LOG  > 17:20:50 registry.go:156: Registering C:\Users\Austin McKinley\haunts\data\entities\corpse.json
LOG  > 17:20:50 registry.go:156: Registering C:\Users\Austin McKinley\haunts\data\entities\hunter.json
LOG  > 17:20:50 registry.go:156: Registering C:\Users\Austin McKinley\haunts\data\entities\master.json
LOG  > 17:20:50 registry.go:156: Registering C:\Users\Austin McKinley\haunts\data\entities\occultist.json
LOG  > 17:20:50 registry.go:156: Registering C:\Users\Austin McKinley\haunts\data\entities\shade.json
LOG  > 17:20:50 registry.go:156: Registering C:\Users\Austin McKinley\haunts\data\entities\teen.json
LOG  > 17:20:50 registry.go:156: Registering C:\Users\Austin McKinley\haunts\data\entities\wisp.json
LOG  > 17:20:50 registry.go:156: Registering C:\Users\Austin McKinley\haunts\data\entities\wraith.json
LOG  > 17:20:50 registry.go:251: Completed directory 'C:\Users\Austin McKinley\haunts\data\entities'
LOG  > 17:20:50 registry.go:156: Registering C:\Users\Austin McKinley\haunts\data\houses\name.house
LOG  > 17:20:50 registry.go:156: Registering C:\Users\Austin McKinley\haunts\data\rooms\bathroom.room
LOG  > 17:20:50 registry.go:156: Registering C:\Users\Austin McKinley\haunts\data\houses\name.house
LOG  > 17:20:50 registry.go:156: Registering C:\Users\Austin McKinley\haunts\data\ui\main_bar.json
LOG  > 17:21:26 registry.go:225: Registering directory: 'C:\Users\Austin McKinley\haunts\data\furniture'
LOG  > 17:21:26 registry.go:156: Registering C:\Users\Austin McKinley\haunts\data\furniture\armor\armor.json
LOG  > 17:21:26 registry.go:156: Registering C:\Users\Austin McKinley\haunts\data\furniture\armor_01_black\armor_01_black.json
LOG  > 17:21:26 registry.go:156: Registering C:\Users\Austin McKinley\haunts\data\furniture\barrels\barrels_01_black.json
LOG  > 17:21:26 registry.go:156: Registering C:\Users\Austin McKinley\haunts\data\furniture\bed_master\bed_master.json
LOG  > 17:21:26 registry.go:156: Registering C:\Users\Austin McKinley\haunts\data\furniture\box\box_100.json
LOG  > 17:21:26 registry.go:156: Registering C:\Users\Austin McKinley\haunts\data\furniture\box\box_200.json
LOG  > 17:21:26 registry.go:156: Registering C:\Users\Austin McKinley\haunts\data\furniture\chair\chair.json
LOG  > 17:21:26 registry.go:156: Registering C:\Users\Austin McKinley\haunts\data\furniture\clock\clock.json
LOG  > 17:21:26 registry.go:156: Registering C:\Users\Austin McKinley\haunts\data\furniture\clock_02\clock_02.json
LOG  > 17:21:26 registry.go:156: Registering C:\Users\Austin McKinley\haunts\data\furniture\coal_fired_range\coal_fired_range.json
LOG  > 17:21:26 registry.go:156: Registering C:\Users\Austin McKinley\haunts\data\furniture\column\column.json
LOG  > 17:21:26 registry.go:156: Registering C:\Users\Austin McKinley\haunts\data\furniture\column_01_black\column_01_black.json
LOG  > 17:21:26 registry.go:156: Registering C:\Users\Austin McKinley\haunts\data\furniture\column_01_black\column_02_black.json
LOG  > 17:21:26 registry.go:156: Registering C:\Users\Austin McKinley\haunts\data\furniture\column_01_black\column_02b_black.json
LOG  > 17:21:26 registry.go:156: Registering C:\Users\Austin McKinley\haunts\data\furniture\column_01_black\column_02c_black.json
LOG  > 17:21:26 registry.go:156: Registering C:\Users\Austin McKinley\haunts\data\furniture\column_01_black\column_02d_black.json
LOG  > 17:21:26 registry.go:156: Registering C:\Users\Austin McKinley\haunts\data\furniture\column_01_black\column_02e_black.json
LOG  > 17:21:26 registry.go:156: Registering C:\Users\Austin McKinley\haunts\data\furniture\column_01_black\column_02f_black.json
LOG  > 17:21:26 registry.go:156: Registering C:\Users\Austin McKinley\haunts\data\furniture\column_01_black\column_512.json
LOG  > 17:21:26 registry.go:156: Registering C:\Users\Austin McKinley\haunts\data\furniture\column_01_black\column_513.json
LOG  > 17:21:26 registry.go:156: Registering C:\Users\Austin McKinley\haunts\data\furniture\face\face.json
LOG  > 17:21:26 registry.go:156: Registering C:\Users\Austin McKinley\haunts\data\furniture\kitchen_dresser\kitchen_dresser.json
LOG  > 17:21:26 registry.go:156: Registering C:\Users\Austin McKinley\haunts\data\furniture\plant\plant.json
LOG  > 17:21:26 registry.go:156: Registering C:\Users\Austin McKinley\haunts\data\furniture\snooker_table\snooker_table.json
LOG  > 17:21:26 registry.go:156: Registering C:\Users\Austin McKinley\haunts\data\furniture\spawns\cleanse.json
LOG  > 17:21:26 registry.go:156: Registering C:\Users\Austin McKinley\haunts\data\furniture\spawns\clue.json
LOG  > 17:21:26 registry.go:156: Registering C:\Users\Austin McKinley\haunts\data\furniture\spawns\exit.json
LOG  > 17:21:26 registry.go:156: Registering C:\Users\Austin McKinley\haunts\data\furniture\spawns\explorers.json
LOG  > 17:21:26 registry.go:156: Registering C:\Users\Austin McKinley\haunts\data\furniture\spawns\haunts.json
LOG  > 17:21:26 registry.go:156: Registering C:\Users\Austin McKinley\haunts\data\furniture\spawns\relic.json
LOG  > 17:21:26 registry.go:156: Registering C:\Users\Austin McKinley\haunts\data\furniture\statue_01_black\statue_01_black.json
LOG  > 17:21:26 registry.go:156: Registering C:\Users\Austin McKinley\haunts\data\furniture\statue_01_white\statue_01_white.json
LOG  > 17:21:26 registry.go:156: Registering C:\Users\Austin McKinley\haunts\data\furniture\table\table.json
LOG  > 17:21:26 registry.go:156: Registering C:\Users\Austin McKinley\haunts\data\furniture\table_02_experiment\table_02_Experiment.json
LOG  > 17:21:26 registry.go:156: Registering C:\Users\Austin McKinley\haunts\data\furniture\table_02_experiment\table_02_rect.json
LOG  > 17:21:26 registry.go:156: Registering C:\Users\Austin McKinley\haunts\data\furniture\table_02_experiment\table_02_square.json
LOG  > 17:21:26 registry.go:156: Registering C:\Users\Austin McKinley\haunts\data\furniture\toilet\toilet.json
LOG  > 17:21:26 registry.go:156: Registering C:\Users\Austin McKinley\haunts\data\furniture\z_space\z_space.json
LOG  > 17:21:26 registry.go:156: Registering C:\Users\Austin McKinley\haunts\data\furniture\z_space - Copy\z_space_1.json
LOG  > 17:21:26 registry.go:156: Registering C:\Users\Austin McKinley\haunts\data\furniture\z_space - Copy (2)\z_space2.json
LOG  > 17:21:26 registry.go:251: Completed directory 'C:\Users\Austin McKinley\haunts\data\furniture'
LOG  > 17:21:26 registry.go:225: Registering directory: 'C:\Users\Austin McKinley\haunts\data\textures'
LOG  > 17:21:26 registry.go:156: Registering C:\Users\Austin McKinley\haunts\data\textures\100x100.json
LOG  > 17:21:26 registry.go:156: Registering C:\Users\Austin McKinley\haunts\data\textures\bloodstain_drips.json
LOG  > 17:21:26 registry.go:156: Registering C:\Users\Austin McKinley\haunts\data\textures\bloodstain_splatter.json
LOG  > 17:21:26 registry.go:156: Registering C:\Users\Austin McKinley\haunts\data\textures\cobweb.json
LOG  > 17:21:26 registry.go:156: Registering C:\Users\Austin McKinley\haunts\data\textures\face100.json
LOG  > 17:21:26 registry.go:156: Registering C:\Users\Austin McKinley\haunts\data\textures\face200.json
LOG  > 17:21:26 registry.go:156: Registering C:\Users\Austin McKinley\haunts\data\textures\frame_01.json
LOG  > 17:21:26 registry.go:156: Registering C:\Users\Austin McKinley\haunts\data\textures\frame_02.json
LOG  > 17:21:26 registry.go:156: Registering C:\Users\Austin McKinley\haunts\data\textures\mask_01.json
LOG  > 17:21:26 registry.go:156: Registering C:\Users\Austin McKinley\haunts\data\textures\mouse_hole_lf.json
LOG  > 17:21:26 registry.go:156: Registering C:\Users\Austin McKinley\haunts\data\textures\mouse_hole_rf.json
LOG  > 17:21:26 registry.go:156: Registering C:\Users\Austin McKinley\haunts\data\textures\pentagram.json
LOG  > 17:21:26 registry.go:156: Registering C:\Users\Austin McKinley\haunts\data\textures\plaque_01.json
LOG  > 17:21:26 registry.go:156: Registering C:\Users\Austin McKinley\haunts\data\textures\rug-oval-large-01.json
LOG  > 17:21:26 registry.go:156: Registering C:\Users\Austin McKinley\haunts\data\textures\rug-oval-large-02.json
LOG  > 17:21:26 registry.go:156: Registering C:\Users\Austin McKinley\haunts\data\textures\rug-oval-large-03.json
LOG  > 17:21:26 registry.go:156: Registering C:\Users\Austin McKinley\haunts\data\textures\rug-oval-med-01.json
LOG  > 17:21:26 registry.go:156: Registering C:\Users\Austin McKinley\haunts\data\textures\rug-oval-med-02.json
LOG  > 17:21:26 registry.go:156: Registering C:\Users\Austin McKinley\haunts\data\textures\rug-oval-med-03.json
LOG  > 17:21:26 registry.go:156: Registering C:\Users\Austin McKinley\haunts\data\textures\rug-round-01.json
LOG  > 17:21:26 registry.go:156: Registering C:\Users\Austin McKinley\haunts\data\textures\rug-round-02.json
LOG  > 17:21:26 registry.go:156: Registering C:\Users\Austin McKinley\haunts\data\textures\rug-round-03.json
LOG  > 17:21:26 registry.go:156: Registering C:\Users\Austin McKinley\haunts\data\textures\rug-round-04.json
LOG  > 17:21:26 registry.go:156: Registering C:\Users\Austin McKinley\haunts\data\textures\rug-round-05.json
LOG  > 17:21:26 registry.go:156: Registering C:\Users\Austin McKinley\haunts\data\textures\rug-round-large-01.json
LOG  > 17:21:26 registry.go:156: Registering C:\Users\Austin McKinley\haunts\data\textures\rug-round-large-02.json
LOG  > 17:21:26 registry.go:156: Registering C:\Users\Austin McKinley\haunts\data\textures\rug-round-large-03.json
LOG  > 17:21:26 registry.go:156: Registering C:\Users\Austin McKinley\haunts\data\textures\rug-round-large-04.json
LOG  > 17:21:26 registry.go:156: Registering C:\Users\Austin McKinley\haunts\data\textures\rug-round-large-05.json
LOG  > 17:21:26 registry.go:156: Registering C:\Users\Austin McKinley\haunts\data\textures\rug-round-large-06.json
LOG  > 17:21:26 registry.go:156: Registering C:\Users\Austin McKinley\haunts\data\textures\rug-runner-01.json
LOG  > 17:21:26 registry.go:156: Registering C:\Users\Austin McKinley\haunts\data\textures\rug-runner-02.json
LOG  > 17:21:26 registry.go:156: Registering C:\Users\Austin McKinley\haunts\data\textures\rug-runner-03.json
LOG  > 17:21:26 registry.go:156: Registering C:\Users\Austin McKinley\haunts\data\textures\rug-runner-04.json
LOG  > 17:21:26 registry.go:156: Registering C:\Users\Austin McKinley\haunts\data\textures\rug-runner-05.json
LOG  > 17:21:26 registry.go:156: Registering C:\Users\Austin McKinley\haunts\data\textures\thorns_01.json
LOG  > 17:21:26 registry.go:156: Registering C:\Users\Austin McKinley\haunts\data\textures\thorns_02.json
LOG  > 17:21:26 registry.go:156: Registering C:\Users\Austin McKinley\haunts\data\textures\window_01.json
LOG  > 17:21:26 registry.go:156: Registering C:\Users\Austin McKinley\haunts\data\textures\window_02.json
LOG  > 17:21:26 registry.go:156: Registering C:\Users\Austin McKinley\haunts\data\textures\window_03.json
LOG  > 17:21:26 registry.go:156: Registering C:\Users\Austin McKinley\haunts\data\textures\window_04.json
LOG  > 17:21:26 registry.go:251: Completed directory 'C:\Users\Austin McKinley\haunts\data\textures'
LOG  > 17:21:26 registry.go:225: Registering directory: 'C:\Users\Austin McKinley\haunts\data\rooms'
LOG  > 17:21:26 registry.go:156: Registering C:\Users\Austin McKinley\haunts\data\rooms\bathroom.room
LOG  > 17:21:26 registry.go:156: Registering C:\Users\Austin McKinley\haunts\data\rooms\cave.room
LOG  > 17:21:26 registry.go:156: Registering C:\Users\Austin McKinley\haunts\data\rooms\cellar.room
LOG  > 17:21:26 registry.go:156: Registering C:\Users\Austin McKinley\haunts\data\rooms\chapel.room
LOG  > 17:21:26 registry.go:156: Registering C:\Users\Austin McKinley\haunts\data\rooms\dance-studio.room
LOG  > 17:21:26 registry.go:156: Registering C:\Users\Austin McKinley\haunts\data\rooms\dance-studio2.room
LOG  > 17:21:26 registry.go:156: Registering C:\Users\Austin McKinley\haunts\data\rooms\hall-o-mirrors.room
LOG  > 17:21:26 registry.go:156: Registering C:\Users\Austin McKinley\haunts\data\rooms\hallway.room
LOG  > 17:21:26 registry.go:156: Registering C:\Users\Austin McKinley\haunts\data\rooms\hallway2.room
LOG  > 17:21:26 registry.go:156: Registering C:\Users\Austin McKinley\haunts\data\rooms\kitchen.room
LOG  > 17:21:26 registry.go:156: Registering C:\Users\Austin McKinley\haunts\data\rooms\kitchen2.room
LOG  > 17:21:26 registry.go:156: Registering C:\Users\Austin McKinley\haunts\data\rooms\kitchen23.room
LOG  > 17:21:26 registry.go:156: Registering C:\Users\Austin McKinley\haunts\data\rooms\large.room
LOG  > 17:21:26 registry.go:156: Registering C:\Users\Austin McKinley\haunts\data\rooms\master-bedroom.room
LOG  > 17:21:26 registry.go:156: Registering C:\Users\Austin McKinley\haunts\data\rooms\parlour.room
LOG  > 17:21:26 registry.go:156: Registering C:\Users\Austin McKinley\haunts\data\rooms\pavillion.room
LOG  > 17:21:26 registry.go:156: Registering C:\Users\Austin McKinley\haunts\data\rooms\pit-of-despair.room
LOG  > 17:21:26 registry.go:156: Registering C:\Users\Austin McKinley\haunts\data\rooms\restest.room
LOG  > 17:21:26 registry.go:156: Registering C:\Users\Austin McKinley\haunts\data\rooms\terrace.room
LOG  > 17:21:26 registry.go:251: Completed directory 'C:\Users\Austin McKinley\haunts\data\rooms'
LOG  > 17:21:26 registry.go:225: Registering directory: 'C:\Users\Austin McKinley\haunts\data\doors'
LOG  > 17:21:26 registry.go:156: Registering C:\Users\Austin McKinley\haunts\data\doors\door_1.json
LOG  > 17:21:26 registry.go:156: Registering C:\Users\Austin McKinley\haunts\data\doors\door_2.json
LOG  > 17:21:26 registry.go:156: Registering C:\Users\Austin McKinley\haunts\data\doors\test_door_1.json
LOG  > 17:21:26 registry.go:156: Registering C:\Users\Austin McKinley\haunts\data\doors\test_door_2.json
LOG  > 17:21:26 registry.go:251: Completed directory 'C:\Users\Austin McKinley\haunts\data\doors'
LOG  > 17:21:26 registry.go:225: Registering directory: 'C:\Users\Austin McKinley\haunts\data\houses'
LOG  > 17:21:26 registry.go:156: Registering C:\Users\Austin McKinley\haunts\data\houses\cave.house
LOG  > 17:21:26 registry.go:156: Registering C:\Users\Austin McKinley\haunts\data\houses\dance-test.house
LOG  > 17:21:26 registry.go:156: Registering C:\Users\Austin McKinley\haunts\data\houses\farg.house
LOG  > 17:21:26 registry.go:156: Registering C:\Users\Austin McKinley\haunts\data\houses\floortest.house
LOG  > 17:21:26 registry.go:156: Registering C:\Users\Austin McKinley\haunts\data\houses\name.house
LOG  > 17:21:26 registry.go:156: Registering C:\Users\Austin McKinley\haunts\data\houses\secretcellar.house
LOG  > 17:21:26 registry.go:251: Completed directory 'C:\Users\Austin McKinley\haunts\data\houses'
LOG  > 17:21:26 registry.go:225: Registering directory: 'C:\Users\Austin McKinley\haunts\data\actions\aoe_attacks'
LOG  > 17:21:26 registry.go:156: Registering C:\Users\Austin McKinley\haunts\data\actions\aoe_attacks\abjuration.json
LOG  > 17:21:26 registry.go:156: Registering C:\Users\Austin McKinley\haunts\data\actions\aoe_attacks\arc_of_decay.json
LOG  > 17:21:26 registry.go:156: Registering C:\Users\Austin McKinley\haunts\data\actions\aoe_attacks\emr_inhibitor.json
LOG  > 17:21:26 registry.go:156: Registering C:\Users\Austin McKinley\haunts\data\actions\aoe_attacks\first_aid.json
LOG  > 17:21:26 registry.go:156: Registering C:\Users\Austin McKinley\haunts\data\actions\aoe_attacks\ghastly_howl.json
LOG  > 17:21:26 registry.go:156: Registering C:\Users\Austin McKinley\haunts\data\actions\aoe_attacks\paramagnetic_pulse.json
LOG  > 17:21:26 registry.go:156: Registering C:\Users\Austin McKinley\haunts\data\actions\aoe_attacks\poltergeist_blast.json
LOG  > 17:21:26 registry.go:156: Registering C:\Users\Austin McKinley\haunts\data\actions\aoe_attacks\telepathic_coordination.json
LOG  > 17:21:26 registry.go:156: Registering C:\Users\Austin McKinley\haunts\data\actions\aoe_attacks\visions_of_despair.json
LOG  > 17:21:26 registry.go:251: Completed directory 'C:\Users\Austin McKinley\haunts\data\actions\aoe_attacks'
LOG  > 17:21:26 registry.go:225: Registering directory: 'C:\Users\Austin McKinley\haunts\data\actions\basic_attacks'
LOG  > 17:21:26 registry.go:156: Registering C:\Users\Austin McKinley\haunts\data\actions\basic_attacks\agonizing_thoughts.json
LOG  > 17:21:26 registry.go:156: Registering C:\Users\Austin McKinley\haunts\data\actions\basic_attacks\chill_touch.json
LOG  > 17:21:26 registry.go:156: Registering C:\Users\Austin McKinley\haunts\data\actions\basic_attacks\dire_curse.json
LOG  > 17:21:26 registry.go:156: Registering C:\Users\Austin McKinley\haunts\data\actions\basic_attacks\diseased_kiss.json
LOG  > 17:21:26 registry.go:156: Registering C:\Users\Austin McKinley\haunts\data\actions\basic_attacks\eat_brains.json
LOG  > 17:21:26 registry.go:156: Registering C:\Users\Austin McKinley\haunts\data\actions\basic_attacks\ectoplasmic_discharge.json
LOG  > 17:21:26 registry.go:156: Registering C:\Users\Austin McKinley\haunts\data\actions\basic_attacks\exorcise.json
LOG  > 17:21:26 registry.go:156: Registering C:\Users\Austin McKinley\haunts\data\actions\basic_attacks\grave_grasp.json
LOG  > 17:21:26 registry.go:156: Registering C:\Users\Austin McKinley\haunts\data\actions\basic_attacks\kick.json
LOG  > 17:21:26 registry.go:156: Registering C:\Users\Austin McKinley\haunts\data\actions\basic_attacks\pistol.json
LOG  > 17:21:26 registry.go:156: Registering C:\Users\Austin McKinley\haunts\data\actions\basic_attacks\psychic_shroud.json
LOG  > 17:21:26 registry.go:156: Registering C:\Users\Austin McKinley\haunts\data\actions\basic_attacks\psychometric_disruptor.json
LOG  > 17:21:26 registry.go:156: Registering C:\Users\Austin McKinley\haunts\data\actions\basic_attacks\pummel.json
LOG  > 17:21:26 registry.go:156: Registering C:\Users\Austin McKinley\haunts\data\actions\basic_attacks\vengeful_curse.json
LOG  > 17:21:26 registry.go:251: Completed directory 'C:\Users\Austin McKinley\haunts\data\actions\basic_attacks'
LOG  > 17:21:26 registry.go:225: Registering directory: 'C:\Users\Austin McKinley\haunts\data\actions\movement'
LOG  > 17:21:26 registry.go:156: Registering C:\Users\Austin McKinley\haunts\data\actions\movement\test.json
LOG  > 17:21:26 registry.go:251: Completed directory 'C:\Users\Austin McKinley\haunts\data\actions\movement'
LOG  > 17:21:26 registry.go:225: Registering directory: 'C:\Users\Austin McKinley\haunts\data\actions\summons'
LOG  > 17:21:26 registry.go:156: Registering C:\Users\Austin McKinley\haunts\data\actions\summons\summon_angry_shade.json
LOG  > 17:21:26 registry.go:156: Registering C:\Users\Austin McKinley\haunts\data\actions\summons\summon_lost_soul.json
LOG  > 17:21:26 registry.go:251: Completed directory 'C:\Users\Austin McKinley\haunts\data\actions\summons'
LOG  > 17:21:26 registry.go:225: Registering directory: 'C:\Users\Austin McKinley\haunts\data\conditions\basic_conditions'
LOG  > 17:21:26 registry.go:156: Registering C:\Users\Austin McKinley\haunts\data\conditions\basic_conditions\diseased_kiss_con.json
LOG  > 17:21:26 registry.go:156: Registering C:\Users\Austin McKinley\haunts\data\conditions\basic_conditions\emr_inhibitor_con.json
LOG  > 17:21:26 registry.go:156: Registering C:\Users\Austin McKinley\haunts\data\conditions\basic_conditions\first_aid_con.json
LOG  > 17:21:26 registry.go:156: Registering C:\Users\Austin McKinley\haunts\data\conditions\basic_conditions\ghastly_howl_con.json
LOG  > 17:21:26 registry.go:156: Registering C:\Users\Austin McKinley\haunts\data\conditions\basic_conditions\grave_grasp_con.json
LOG  > 17:21:26 registry.go:156: Registering C:\Users\Austin McKinley\haunts\data\conditions\basic_conditions\psychic_shroud_con.json
LOG  > 17:21:26 registry.go:156: Registering C:\Users\Austin McKinley\haunts\data\conditions\basic_conditions\test.json
LOG  > 17:21:26 registry.go:156: Registering C:\Users\Austin McKinley\haunts\data\conditions\basic_conditions\vengeful_curse_con.json
LOG  > 17:21:26 registry.go:156: Registering C:\Users\Austin McKinley\haunts\data\conditions\basic_conditions\visions_of_despair_con.json
LOG  > 17:21:26 registry.go:251: Completed directory 'C:\Users\Austin McKinley\haunts\data\conditions\basic_conditions'
LOG  > 17:22:41 registry.go:225: Registering directory: 'C:\Users\Austin McKinley\haunts\data\furniture'
LOG  > 17:22:41 registry.go:156: Registering C:\Users\Austin McKinley\haunts\data\furniture\armor\armor.json
LOG  > 17:22:41 registry.go:156: Registering C:\Users\Austin McKinley\haunts\data\furniture\armor_01_black\armor_01_black.json
LOG  > 17:22:41 registry.go:156: Registering C:\Users\Austin McKinley\haunts\data\furniture\barrels\barrels_01_black.json
LOG  > 17:22:41 registry.go:156: Registering C:\Users\Austin McKinley\haunts\data\furniture\bed_master\bed_master.json
LOG  > 17:22:41 registry.go:156: Registering C:\Users\Austin McKinley\haunts\data\furniture\box\box_100.json
LOG  > 17:22:41 registry.go:156: Registering C:\Users\Austin McKinley\haunts\data\furniture\box\box_200.json
LOG  > 17:22:41 registry.go:156: Registering C:\Users\Austin McKinley\haunts\data\furniture\chair\chair.json
LOG  > 17:22:41 registry.go:156: Registering C:\Users\Austin McKinley\haunts\data\furniture\clock\clock.json
LOG  > 17:22:41 registry.go:156: Registering C:\Users\Austin McKinley\haunts\data\furniture\clock_02\clock_02.json
LOG  > 17:22:41 registry.go:156: Registering C:\Users\Austin McKinley\haunts\data\furniture\coal_fired_range\coal_fired_range.json
LOG  > 17:22:41 registry.go:156: Registering C:\Users\Austin McKinley\haunts\data\furniture\column\column.json
LOG  > 17:22:41 registry.go:156: Registering C:\Users\Austin McKinley\haunts\data\furniture\column_01_black\column_01_black.json
LOG  > 17:22:41 registry.go:156: Registering C:\Users\Austin McKinley\haunts\data\furniture\column_01_black\column_02_black.json
LOG  > 17:22:41 registry.go:156: Registering C:\Users\Austin McKinley\haunts\data\furniture\column_01_black\column_02b_black.json
LOG  > 17:22:41 registry.go:156: Registering C:\Users\Austin McKinley\haunts\data\furniture\column_01_black\column_02c_black.json
LOG  > 17:22:41 registry.go:156: Registering C:\Users\Austin McKinley\haunts\data\furniture\column_01_black\column_02d_black.json
LOG  > 17:22:41 registry.go:156: Registering C:\Users\Austin McKinley\haunts\data\furniture\column_01_black\column_02e_black.json
LOG  > 17:22:41 registry.go:156: Registering C:\Users\Austin McKinley\haunts\data\furniture\column_01_black\column_02f_black.json
LOG  > 17:22:41 registry.go:156: Registering C:\Users\Austin McKinley\haunts\data\furniture\column_01_black\column_512.json
LOG  > 17:22:41 registry.go:156: Registering C:\Users\Austin McKinley\haunts\data\furniture\column_01_black\column_513.json
LOG  > 17:22:41 registry.go:156: Registering C:\Users\Austin McKinley\haunts\data\furniture\face\face.json
LOG  > 17:22:41 registry.go:156: Registering C:\Users\Austin McKinley\haunts\data\furniture\kitchen_dresser\kitchen_dresser.json
LOG  > 17:22:41 registry.go:156: Registering C:\Users\Austin McKinley\haunts\data\furniture\plant\plant.json
LOG  > 17:22:41 registry.go:156: Registering C:\Users\Austin McKinley\haunts\data\furniture\snooker_table\snooker_table.json
LOG  > 17:22:41 registry.go:156: Registering C:\Users\Austin McKinley\haunts\data\furniture\spawns\cleanse.json
LOG  > 17:22:41 registry.go:156: Registering C:\Users\Austin McKinley\haunts\data\furniture\spawns\clue.json
LOG  > 17:22:41 registry.go:156: Registering C:\Users\Austin McKinley\haunts\data\furniture\spawns\exit.json
LOG  > 17:22:41 registry.go:156: Registering C:\Users\Austin McKinley\haunts\data\furniture\spawns\explorers.json
LOG  > 17:22:41 registry.go:156: Registering C:\Users\Austin McKinley\haunts\data\furniture\spawns\haunts.json
LOG  > 17:22:41 registry.go:156: Registering C:\Users\Austin McKinley\haunts\data\furniture\spawns\relic.json
LOG  > 17:22:41 registry.go:156: Registering C:\Users\Austin McKinley\haunts\data\furniture\statue_01_black\statue_01_black.json
LOG  > 17:22:41 registry.go:156: Registering C:\Users\Austin McKinley\haunts\data\furniture\statue_01_white\statue_01_white.json
LOG  > 17:22:41 registry.go:156: Registering C:\Users\Austin McKinley\haunts\data\furniture\table\table.json
LOG  > 17:22:41 registry.go:156: Registering C:\Users\Austin McKinley\haunts\data\furniture\table_02_experiment\table_02_Experiment.json
LOG  > 17:22:41 registry.go:156: Registering C:\Users\Austin McKinley\haunts\data\furniture\table_02_experiment\table_02_rect.json
LOG  > 17:22:41 registry.go:156: Registering C:\Users\Austin McKinley\haunts\data\furniture\table_02_experiment\table_02_square.json
LOG  > 17:22:41 registry.go:156: Registering C:\Users\Austin McKinley\haunts\data\furniture\toilet\toilet.json
LOG  > 17:22:41 registry.go:156: Registering C:\Users\Austin McKinley\haunts\data\furniture\z_space\z_space.json
LOG  > 17:22:41 registry.go:156: Registering C:\Users\Austin McKinley\haunts\data\furniture\z_space - Copy\z_space_1.json
LOG  > 17:22:41 registry.go:156: Registering C:\Users\Austin McKinley\haunts\data\furniture\z_space - Copy (2)\z_space2.json
LOG  > 17:22:41 registry.go:251: Completed directory 'C:\Users\Austin McKinley\haunts\data\furniture'
LOG  > 17:22:41 registry.go:225: Registering directory: 'C:\Users\Austin McKinley\haunts\data\textures'
LOG  > 17:22:41 registry.go:156: Registering C:\Users\Austin McKinley\haunts\data\textures\100x100.json
LOG  > 17:22:41 registry.go:156: Registering C:\Users\Austin McKinley\haunts\data\textures\bloodstain_drips.json
LOG  > 17:22:41 registry.go:156: Registering C:\Users\Austin McKinley\haunts\data\textures\bloodstain_splatter.json
LOG  > 17:22:41 registry.go:156: Registering C:\Users\Austin McKinley\haunts\data\textures\cobweb.json
LOG  > 17:22:41 registry.go:156: Registering C:\Users\Austin McKinley\haunts\data\textures\face100.json
LOG  > 17:22:41 registry.go:156: Registering C:\Users\Austin McKinley\haunts\data\textures\face200.json
LOG  > 17:22:41 registry.go:156: Registering C:\Users\Austin McKinley\haunts\data\textures\frame_01.json
LOG  > 17:22:41 registry.go:156: Registering C:\Users\Austin McKinley\haunts\data\textures\frame_02.json
LOG  > 17:22:41 registry.go:156: Registering C:\Users\Austin McKinley\haunts\data\textures\mask_01.json
LOG  > 17:22:41 registry.go:156: Registering C:\Users\Austin McKinley\haunts\data\textures\mouse_hole_lf.json
LOG  > 17:22:41 registry.go:156: Registering C:\Users\Austin McKinley\haunts\data\textures\mouse_hole_rf.json
LOG  > 17:22:41 registry.go:156: Registering C:\Users\Austin McKinley\haunts\data\textures\pentagram.json
LOG  > 17:22:41 registry.go:156: Registering C:\Users\Austin McKinley\haunts\data\textures\plaque_01.json
LOG  > 17:22:41 registry.go:156: Registering C:\Users\Austin McKinley\haunts\data\textures\rug-oval-large-01.json
LOG  > 17:22:41 registry.go:156: Registering C:\Users\Austin McKinley\haunts\data\textures\rug-oval-large-02.json
LOG  > 17:22:41 registry.go:156: Registering C:\Users\Austin McKinley\haunts\data\textures\rug-oval-large-03.json
LOG  > 17:22:41 registry.go:156: Registering C:\Users\Austin McKinley\haunts\data\textures\rug-oval-med-01.json
LOG  > 17:22:41 registry.go:156: Registering C:\Users\Austin McKinley\haunts\data\textures\rug-oval-med-02.json
LOG  > 17:22:41 registry.go:156: Registering C:\Users\Austin McKinley\haunts\data\textures\rug-oval-med-03.json
LOG  > 17:22:41 registry.go:156: Registering C:\Users\Austin McKinley\haunts\data\textures\rug-round-01.json
LOG  > 17:22:41 registry.go:156: Registering C:\Users\Austin McKinley\haunts\data\textures\rug-round-02.json
LOG  > 17:22:41 registry.go:156: Registering C:\Users\Austin McKinley\haunts\data\textures\rug-round-03.json
LOG  > 17:22:41 registry.go:156: Registering C:\Users\Austin McKinley\haunts\data\textures\rug-round-04.json
LOG  > 17:22:41 registry.go:156: Registering C:\Users\Austin McKinley\haunts\data\textures\rug-round-05.json
LOG  > 17:22:41 registry.go:156: Registering C:\Users\Austin McKinley\haunts\data\textures\rug-round-large-01.json
LOG  > 17:22:41 registry.go:156: Registering C:\Users\Austin McKinley\haunts\data\textures\rug-round-large-02.json
LOG  > 17:22:41 registry.go:156: Registering C:\Users\Austin McKinley\haunts\data\textures\rug-round-large-03.json
LOG  > 17:22:41 registry.go:156: Registering C:\Users\Austin McKinley\haunts\data\textures\rug-round-large-04.json
LOG  > 17:22:41 registry.go:156: Registering C:\Users\Austin McKinley\haunts\data\textures\rug-round-large-05.json
LOG  > 17:22:41 registry.go:156: Registering C:\Users\Austin McKinley\haunts\data\textures\rug-round-large-06.json
LOG  > 17:22:41 registry.go:156: Registering C:\Users\Austin McKinley\haunts\data\textures\rug-runner-01.json
LOG  > 17:22:41 registry.go:156: Registering C:\Users\Austin McKinley\haunts\data\textures\rug-runner-02.json
LOG  > 17:22:41 registry.go:156: Registering C:\Users\Austin McKinley\haunts\data\textures\rug-runner-03.json
LOG  > 17:22:41 registry.go:156: Registering C:\Users\Austin McKinley\haunts\data\textures\rug-runner-04.json
LOG  > 17:22:41 registry.go:156: Registering C:\Users\Austin McKinley\haunts\data\textures\rug-runner-05.json
LOG  > 17:22:41 registry.go:156: Registering C:\Users\Austin McKinley\haunts\data\textures\thorns_01.json
LOG  > 17:22:41 registry.go:156: Registering C:\Users\Austin McKinley\haunts\data\textures\thorns_02.json
LOG  > 17:22:41 registry.go:156: Registering C:\Users\Austin McKinley\haunts\data\textures\window_01.json
LOG  > 17:22:41 registry.go:156: Registering C:\Users\Austin McKinley\haunts\data\textures\window_02.json
LOG  > 17:22:41 registry.go:156: Registering C:\Users\Austin McKinley\haunts\data\textures\window_03.json
LOG  > 17:22:41 registry.go:156: Registering C:\Users\Austin McKinley\haunts\data\textures\window_04.json
LOG  > 17:22:41 registry.go:251: Completed directory 'C:\Users\Austin McKinley\haunts\data\textures'
LOG  > 17:22:41 registry.go:225: Registering directory: 'C:\Users\Austin McKinley\haunts\data\rooms'
LOG  > 17:22:41 registry.go:156: Registering C:\Users\Austin McKinley\haunts\data\rooms\bathroom.room
LOG  > 17:22:41 registry.go:156: Registering C:\Users\Austin McKinley\haunts\data\rooms\cave.room
LOG  > 17:22:41 registry.go:156: Registering C:\Users\Austin McKinley\haunts\data\rooms\cellar.room
LOG  > 17:22:41 registry.go:156: Registering C:\Users\Austin McKinley\haunts\data\rooms\chapel.room
LOG  > 17:22:41 registry.go:156: Registering C:\Users\Austin McKinley\haunts\data\rooms\dance-studio.room
LOG  > 17:22:41 registry.go:156: Registering C:\Users\Austin McKinley\haunts\data\rooms\dance-studio2.room
LOG  > 17:22:41 registry.go:156: Registering C:\Users\Austin McKinley\haunts\data\rooms\hall-o-mirrors.room
LOG  > 17:22:41 registry.go:156: Registering C:\Users\Austin McKinley\haunts\data\rooms\hallway.room
LOG  > 17:22:41 registry.go:156: Registering C:\Users\Austin McKinley\haunts\data\rooms\hallway2.room
LOG  > 17:22:41 registry.go:156: Registering C:\Users\Austin McKinley\haunts\data\rooms\kitchen.room
LOG  > 17:22:41 registry.go:156: Registering C:\Users\Austin McKinley\haunts\data\rooms\kitchen2.room
LOG  > 17:22:41 registry.go:156: Registering C:\Users\Austin McKinley\haunts\data\rooms\kitchen23.room
LOG  > 17:22:41 registry.go:156: Registering C:\Users\Austin McKinley\haunts\data\rooms\large.room
LOG  > 17:22:41 registry.go:156: Registering C:\Users\Austin McKinley\haunts\data\rooms\master-bedroom.room
LOG  > 17:22:41 registry.go:156: Registering C:\Users\Austin McKinley\haunts\data\rooms\parlour.room
LOG  > 17:22:41 registry.go:156: Registering C:\Users\Austin McKinley\haunts\data\rooms\pavillion.room
LOG  > 17:22:41 registry.go:156: Registering C:\Users\Austin McKinley\haunts\data\rooms\pit-of-despair.room
LOG  > 17:22:41 registry.go:156: Registering C:\Users\Austin McKinley\haunts\data\rooms\restest.room
LOG  > 17:22:41 registry.go:156: Registering C:\Users\Austin McKinley\haunts\data\rooms\terrace.room
LOG  > 17:22:41 registry.go:251: Completed directory 'C:\Users\Austin McKinley\haunts\data\rooms'
LOG  > 17:22:41 registry.go:225: Registering directory: 'C:\Users\Austin McKinley\haunts\data\doors'
LOG  > 17:22:41 registry.go:156: Registering C:\Users\Austin McKinley\haunts\data\doors\door_1.json
LOG  > 17:22:41 registry.go:156: Registering C:\Users\Austin McKinley\haunts\data\doors\door_2.json
LOG  > 17:22:41 registry.go:156: Registering C:\Users\Austin McKinley\haunts\data\doors\test_door_1.json
LOG  > 17:22:41 registry.go:156: Registering C:\Users\Austin McKinley\haunts\data\doors\test_door_2.json
LOG  > 17:22:41 registry.go:251: Completed directory 'C:\Users\Austin McKinley\haunts\data\doors'
LOG  > 17:22:41 registry.go:225: Registering directory: 'C:\Users\Austin McKinley\haunts\data\houses'
LOG  > 17:22:41 registry.go:156: Registering C:\Users\Austin McKinley\haunts\data\houses\cave.house
LOG  > 17:22:41 registry.go:156: Registering C:\Users\Austin McKinley\haunts\data\houses\dance-test.house
LOG  > 17:22:41 registry.go:156: Registering C:\Users\Austin McKinley\haunts\data\houses\farg.house
LOG  > 17:22:41 registry.go:156: Registering C:\Users\Austin McKinley\haunts\data\houses\floortest.house
LOG  > 17:22:41 registry.go:156: Registering C:\Users\Austin McKinley\haunts\data\houses\name.house
LOG  > 17:22:41 registry.go:156: Registering C:\Users\Austin McKinley\haunts\data\houses\secretcellar.house
LOG  > 17:22:41 registry.go:251: Completed directory 'C:\Users\Austin McKinley\haunts\data\houses'
LOG  > 17:22:41 registry.go:225: Registering directory: 'C:\Users\Austin McKinley\haunts\data\actions\aoe_attacks'
LOG  > 17:22:41 registry.go:156: Registering C:\Users\Austin McKinley\haunts\data\actions\aoe_attacks\abjuration.json
LOG  > 17:22:41 registry.go:156: Registering C:\Users\Austin McKinley\haunts\data\actions\aoe_attacks\arc_of_decay.json
LOG  > 17:22:41 registry.go:156: Registering C:\Users\Austin McKinley\haunts\data\actions\aoe_attacks\emr_inhibitor.json
LOG  > 17:22:41 registry.go:156: Registering C:\Users\Austin McKinley\haunts\data\actions\aoe_attacks\first_aid.json
LOG  > 17:22:41 registry.go:156: Registering C:\Users\Austin McKinley\haunts\data\actions\aoe_attacks\ghastly_howl.json
LOG  > 17:22:41 registry.go:156: Registering C:\Users\Austin McKinley\haunts\data\actions\aoe_attacks\paramagnetic_pulse.json
LOG  > 17:22:41 registry.go:156: Registering C:\Users\Austin McKinley\haunts\data\actions\aoe_attacks\poltergeist_blast.json
LOG  > 17:22:41 registry.go:156: Registering C:\Users\Austin McKinley\haunts\data\actions\aoe_attacks\telepathic_coordination.json
LOG  > 17:22:41 registry.go:156: Registering C:\Users\Austin McKinley\haunts\data\actions\aoe_attacks\visions_of_despair.json
LOG  > 17:22:41 registry.go:251: Completed directory 'C:\Users\Austin McKinley\haunts\data\actions\aoe_attacks'
LOG  > 17:22:41 registry.go:225: Registering directory: 'C:\Users\Austin McKinley\haunts\data\actions\basic_attacks'
LOG  > 17:22:41 registry.go:156: Registering C:\Users\Austin McKinley\haunts\data\actions\basic_attacks\agonizing_thoughts.json
LOG  > 17:22:41 registry.go:156: Registering C:\Users\Austin McKinley\haunts\data\actions\basic_attacks\chill_touch.json
LOG  > 17:22:41 registry.go:156: Registering C:\Users\Austin McKinley\haunts\data\actions\basic_attacks\dire_curse.json
LOG  > 17:22:41 registry.go:156: Registering C:\Users\Austin McKinley\haunts\data\actions\basic_attacks\diseased_kiss.json
LOG  > 17:22:41 registry.go:156: Registering C:\Users\Austin McKinley\haunts\data\actions\basic_attacks\eat_brains.json
LOG  > 17:22:41 registry.go:156: Registering C:\Users\Austin McKinley\haunts\data\actions\basic_attacks\ectoplasmic_discharge.json
LOG  > 17:22:41 registry.go:156: Registering C:\Users\Austin McKinley\haunts\data\actions\basic_attacks\exorcise.json
LOG  > 17:22:41 registry.go:156: Registering C:\Users\Austin McKinley\haunts\data\actions\basic_attacks\grave_grasp.json
LOG  > 17:22:41 registry.go:156: Registering C:\Users\Austin McKinley\haunts\data\actions\basic_attacks\kick.json
LOG  > 17:22:41 registry.go:156: Registering C:\Users\Austin McKinley\haunts\data\actions\basic_attacks\pistol.json
LOG  > 17:22:41 registry.go:156: Registering C:\Users\Austin McKinley\haunts\data\actions\basic_attacks\psychic_shroud.json
LOG  > 17:22:41 registry.go:156: Registering C:\Users\Austin McKinley\haunts\data\actions\basic_attacks\psychometric_disruptor.json
LOG  > 17:22:41 registry.go:156: Registering C:\Users\Austin McKinley\haunts\data\actions\basic_attacks\pummel.json
LOG  > 17:22:41 registry.go:156: Registering C:\Users\Austin McKinley\haunts\data\actions\basic_attacks\vengeful_curse.json
LOG  > 17:22:41 registry.go:251: Completed directory 'C:\Users\Austin McKinley\haunts\data\actions\basic_attacks'
LOG  > 17:22:41 registry.go:225: Registering directory: 'C:\Users\Austin McKinley\haunts\data\actions\movement'
LOG  > 17:22:41 registry.go:156: Registering C:\Users\Austin McKinley\haunts\data\actions\movement\test.json
LOG  > 17:22:41 registry.go:251: Completed directory 'C:\Users\Austin McKinley\haunts\data\actions\movement'
LOG  > 17:22:41 registry.go:225: Registering directory: 'C:\Users\Austin McKinley\haunts\data\actions\summons'
LOG  > 17:22:41 registry.go:156: Registering C:\Users\Austin McKinley\haunts\data\actions\summons\summon_angry_shade.json
LOG  > 17:22:41 registry.go:156: Registering C:\Users\Austin McKinley\haunts\data\actions\summons\summon_lost_soul.json
LOG  > 17:22:41 registry.go:251: Completed directory 'C:\Users\Austin McKinley\haunts\data\actions\summons'
LOG  > 17:22:41 registry.go:225: Registering directory: 'C:\Users\Austin McKinley\haunts\data\conditions\basic_conditions'
LOG  > 17:22:41 registry.go:156: Registering C:\Users\Austin McKinley\haunts\data\conditions\basic_conditions\diseased_kiss_con.json
LOG  > 17:22:41 registry.go:156: Registering C:\Users\Austin McKinley\haunts\data\conditions\basic_conditions\emr_inhibitor_con.json
LOG  > 17:22:41 registry.go:156: Registering C:\Users\Austin McKinley\haunts\data\conditions\basic_conditions\first_aid_con.json
LOG  > 17:22:41 registry.go:156: Registering C:\Users\Austin McKinley\haunts\data\conditions\basic_conditions\ghastly_howl_con.json
LOG  > 17:22:41 registry.go:156: Registering C:\Users\Austin McKinley\haunts\data\conditions\basic_conditions\grave_grasp_con.json
LOG  > 17:22:41 registry.go:156: Registering C:\Users\Austin McKinley\haunts\data\conditions\basic_conditions\psychic_shroud_con.json
LOG  > 17:22:41 registry.go:156: Registering C:\Users\Austin McKinley\haunts\data\conditions\basic_conditions\test.json
LOG  > 17:22:41 registry.go:156: Registering C:\Users\Austin McKinley\haunts\data\conditions\basic_conditions\vengeful_curse_con.json
LOG  > 17:22:41 registry.go:156: Registering C:\Users\Austin McKinley\haunts\data\conditions\basic_conditions\visions_of_despair_con.json
LOG  > 17:22:41 registry.go:251: Completed directory 'C:\Users\Austin McKinley\haunts\data\conditions\basic_conditions'
LOG  > 17:22:46 registry.go:225: Registering directory: 'C:\Users\Austin McKinley\haunts\data\furniture'
LOG  > 17:22:46 registry.go:156: Registering C:\Users\Austin McKinley\haunts\data\furniture\armor\armor.json
LOG  > 17:22:46 registry.go:156: Registering C:\Users\Austin McKinley\haunts\data\furniture\armor_01_black\armor_01_black.json
LOG  > 17:22:46 registry.go:156: Registering C:\Users\Austin McKinley\haunts\data\furniture\barrels\barrels_01_black.json
LOG  > 17:22:46 registry.go:156: Registering C:\Users\Austin McKinley\haunts\data\furniture\bed_master\bed_master.json
LOG  > 17:22:46 registry.go:156: Registering C:\Users\Austin McKinley\haunts\data\furniture\box\box_100.json
LOG  > 17:22:46 registry.go:156: Registering C:\Users\Austin McKinley\haunts\data\furniture\box\box_200.json
LOG  > 17:22:46 registry.go:156: Registering C:\Users\Austin McKinley\haunts\data\furniture\chair\chair.json
LOG  > 17:22:46 registry.go:156: Registering C:\Users\Austin McKinley\haunts\data\furniture\clock\clock.json
LOG  > 17:22:46 registry.go:156: Registering C:\Users\Austin McKinley\haunts\data\furniture\clock_02\clock_02.json
LOG  > 17:22:46 registry.go:156: Registering C:\Users\Austin McKinley\haunts\data\furniture\coal_fired_range\coal_fired_range.json
LOG  > 17:22:46 registry.go:156: Registering C:\Users\Austin McKinley\haunts\data\furniture\column\column.json
LOG  > 17:22:46 registry.go:156: Registering C:\Users\Austin McKinley\haunts\data\furniture\column_01_black\column_01_black.json
LOG  > 17:22:46 registry.go:156: Registering C:\Users\Austin McKinley\haunts\data\furniture\column_01_black\column_02_black.json
LOG  > 17:22:46 registry.go:156: Registering C:\Users\Austin McKinley\haunts\data\furniture\column_01_black\column_02b_black.json
LOG  > 17:22:46 registry.go:156: Registering C:\Users\Austin McKinley\haunts\data\furniture\column_01_black\column_02c_black.json
LOG  > 17:22:46 registry.go:156: Registering C:\Users\Austin McKinley\haunts\data\furniture\column_01_black\column_02d_black.json
LOG  > 17:22:46 registry.go:156: Registering C:\Users\Austin McKinley\haunts\data\furniture\column_01_black\column_02e_black.json
LOG  > 17:22:46 registry.go:156: Registering C:\Users\Austin McKinley\haunts\data\furniture\column_01_black\column_02f_black.json
LOG  > 17:22:46 registry.go:156: Registering C:\Users\Austin McKinley\haunts\data\furniture\column_01_black\column_512.json
LOG  > 17:22:46 registry.go:156: Registering C:\Users\Austin McKinley\haunts\data\furniture\column_01_black\column_513.json
LOG  > 17:22:46 registry.go:156: Registering C:\Users\Austin McKinley\haunts\data\furniture\face\face.json
LOG  > 17:22:46 registry.go:156: Registering C:\Users\Austin McKinley\haunts\data\furniture\kitchen_dresser\kitchen_dresser.json
LOG  > 17:22:46 registry.go:156: Registering C:\Users\Austin McKinley\haunts\data\furniture\plant\plant.json
LOG  > 17:22:46 registry.go:156: Registering C:\Users\Austin McKinley\haunts\data\furniture\snooker_table\snooker_table.json
LOG  > 17:22:46 registry.go:156: Registering C:\Users\Austin McKinley\haunts\data\furniture\spawns\cleanse.json
LOG  > 17:22:46 registry.go:156: Registering C:\Users\Austin McKinley\haunts\data\furniture\spawns\clue.json
LOG  > 17:22:46 registry.go:156: Registering C:\Users\Austin McKinley\haunts\data\furniture\spawns\exit.json
LOG  > 17:22:46 registry.go:156: Registering C:\Users\Austin McKinley\haunts\data\furniture\spawns\explorers.json
LOG  > 17:22:46 registry.go:156: Registering C:\Users\Austin McKinley\haunts\data\furniture\spawns\haunts.json
LOG  > 17:22:46 registry.go:156: Registering C:\Users\Austin McKinley\haunts\data\furniture\spawns\relic.json
LOG  > 17:22:46 registry.go:156: Registering C:\Users\Austin McKinley\haunts\data\furniture\statue_01_black\statue_01_black.json
LOG  > 17:22:46 registry.go:156: Registering C:\Users\Austin McKinley\haunts\data\furniture\statue_01_white\statue_01_white.json
LOG  > 17:22:46 registry.go:156: Registering C:\Users\Austin McKinley\haunts\data\furniture\table\table.json
LOG  > 17:22:46 registry.go:156: Registering C:\Users\Austin McKinley\haunts\data\furniture\table_02_experiment\table_02_Experiment.json
LOG  > 17:22:46 registry.go:156: Registering C:\Users\Austin McKinley\haunts\data\furniture\table_02_experiment\table_02_rect.json
LOG  > 17:22:46 registry.go:156: Registering C:\Users\Austin McKinley\haunts\data\furniture\table_02_experiment\table_02_square.json
LOG  > 17:22:46 registry.go:156: Registering C:\Users\Austin McKinley\haunts\data\furniture\toilet\toilet.json
LOG  > 17:22:46 registry.go:156: Registering C:\Users\Austin McKinley\haunts\data\furniture\z_space\z_space.json
LOG  > 17:22:46 registry.go:156: Registering C:\Users\Austin McKinley\haunts\data\furniture\z_space - Copy\z_space_1.json
LOG  > 17:22:46 registry.go:156: Registering C:\Users\Austin McKinley\haunts\data\furniture\z_space - Copy (2)\z_space2.json
LOG  > 17:22:46 registry.go:251: Completed directory 'C:\Users\Austin McKinley\haunts\data\furniture'
LOG  > 17:22:46 registry.go:225: Registering directory: 'C:\Users\Austin McKinley\haunts\data\textures'
LOG  > 17:22:46 registry.go:156: Registering C:\Users\Austin McKinley\haunts\data\textures\100x100.json
LOG  > 17:22:46 registry.go:156: Registering C:\Users\Austin McKinley\haunts\data\textures\bloodstain_drips.json
LOG  > 17:22:46 registry.go:156: Registering C:\Users\Austin McKinley\haunts\data\textures\bloodstain_splatter.json
LOG  > 17:22:46 registry.go:156: Registering C:\Users\Austin McKinley\haunts\data\textures\cobweb.json
LOG  > 17:22:46 registry.go:156: Registering C:\Users\Austin McKinley\haunts\data\textures\face100.json
LOG  > 17:22:46 registry.go:156: Registering C:\Users\Austin McKinley\haunts\data\textures\face200.json
LOG  > 17:22:46 registry.go:156: Registering C:\Users\Austin McKinley\haunts\data\textures\frame_01.json
LOG  > 17:22:46 registry.go:156: Registering C:\Users\Austin McKinley\haunts\data\textures\frame_02.json
LOG  > 17:22:46 registry.go:156: Registering C:\Users\Austin McKinley\haunts\data\textures\mask_01.json
LOG  > 17:22:46 registry.go:156: Registering C:\Users\Austin McKinley\haunts\data\textures\mouse_hole_lf.json
LOG  > 17:22:46 registry.go:156: Registering C:\Users\Austin McKinley\haunts\data\textures\mouse_hole_rf.json
LOG  > 17:22:46 registry.go:156: Registering C:\Users\Austin McKinley\haunts\data\textures\pentagram.json
LOG  > 17:22:46 registry.go:156: Registering C:\Users\Austin McKinley\haunts\data\textures\plaque_01.json
LOG  > 17:22:46 registry.go:156: Registering C:\Users\Austin McKinley\haunts\data\textures\rug-oval-large-01.json
LOG  > 17:22:46 registry.go:156: Registering C:\Users\Austin McKinley\haunts\data\textures\rug-oval-large-02.json
LOG  > 17:22:46 registry.go:156: Registering C:\Users\Austin McKinley\haunts\data\textures\rug-oval-large-03.json
LOG  > 17:22:46 registry.go:156: Registering C:\Users\Austin McKinley\haunts\data\textures\rug-oval-med-01.json
LOG  > 17:22:46 registry.go:156: Registering C:\Users\Austin McKinley\haunts\data\textures\rug-oval-med-02.json
LOG  > 17:22:46 registry.go:156: Registering C:\Users\Austin McKinley\haunts\data\textures\rug-oval-med-03.json
LOG  > 17:22:46 registry.go:156: Registering C:\Users\Austin McKinley\haunts\data\textures\rug-round-01.json
LOG  > 17:22:46 registry.go:156: Registering C:\Users\Austin McKinley\haunts\data\textures\rug-round-02.json
LOG  > 17:22:46 registry.go:156: Registering C:\Users\Austin McKinley\haunts\data\textures\rug-round-03.json
LOG  > 17:22:46 registry.go:156: Registering C:\Users\Austin McKinley\haunts\data\textures\rug-round-04.json
LOG  > 17:22:46 registry.go:156: Registering C:\Users\Austin McKinley\haunts\data\textures\rug-round-05.json
LOG  > 17:22:46 registry.go:156: Registering C:\Users\Austin McKinley\haunts\data\textures\rug-round-large-01.json
LOG  > 17:22:46 registry.go:156: Registering C:\Users\Austin McKinley\haunts\data\textures\rug-round-large-02.json
LOG  > 17:22:46 registry.go:156: Registering C:\Users\Austin McKinley\haunts\data\textures\rug-round-large-03.json
LOG  > 17:22:46 registry.go:156: Registering C:\Users\Austin McKinley\haunts\data\textures\rug-round-large-04.json
LOG  > 17:22:46 registry.go:156: Registering C:\Users\Austin McKinley\haunts\data\textures\rug-round-large-05.json
LOG  > 17:22:46 registry.go:156: Registering C:\Users\Austin McKinley\haunts\data\textures\rug-round-large-06.json
LOG  > 17:22:46 registry.go:156: Registering C:\Users\Austin McKinley\haunts\data\textures\rug-runner-01.json
LOG  > 17:22:46 registry.go:156: Registering C:\Users\Austin McKinley\haunts\data\textures\rug-runner-02.json
LOG  > 17:22:46 registry.go:156: Registering C:\Users\Austin McKinley\haunts\data\textures\rug-runner-03.json
LOG  > 17:22:46 registry.go:156: Registering C:\Users\Austin McKinley\haunts\data\textures\rug-runner-04.json
LOG  > 17:22:46 registry.go:156: Registering C:\Users\Austin McKinley\haunts\data\textures\rug-runner-05.json
LOG  > 17:22:46 registry.go:156: Registering C:\Users\Austin McKinley\haunts\data\textures\thorns_01.json
LOG  > 17:22:46 registry.go:156: Registering C:\Users\Austin McKinley\haunts\data\textures\thorns_02.json
LOG  > 17:22:46 registry.go:156: Registering C:\Users\Austin McKinley\haunts\data\textures\window_01.json
LOG  > 17:22:46 registry.go:156: Registering C:\Users\Austin McKinley\haunts\data\textures\window_02.json
LOG  > 17:22:46 registry.go:156: Registering C:\Users\Austin McKinley\haunts\data\textures\window_03.json
LOG  > 17:22:46 registry.go:156: Registering C:\Users\Austin McKinley\haunts\data\textures\window_04.json
LOG  > 17:22:46 registry.go:251: Completed directory 'C:\Users\Austin McKinley\haunts\data\textures'
LOG  > 17:22:46 registry.go:225: Registering directory: 'C:\Users\Austin McKinley\haunts\data\rooms'
LOG  > 17:22:46 registry.go:156: Registering C:\Users\Austin McKinley\haunts\data\rooms\bathroom.room
LOG  > 17:22:46 registry.go:156: Registering C:\Users\Austin McKinley\haunts\data\rooms\cave.room
LOG  > 17:22:46 registry.go:156: Registering C:\Users\Austin McKinley\haunts\data\rooms\cellar.room
LOG  > 17:22:46 registry.go:156: Registering C:\Users\Austin McKinley\haunts\data\rooms\chapel.room
LOG  > 17:22:46 registry.go:156: Registering C:\Users\Austin McKinley\haunts\data\rooms\dance-studio.room
LOG  > 17:22:46 registry.go:156: Registering C:\Users\Austin McKinley\haunts\data\rooms\dance-studio2.room
LOG  > 17:22:46 registry.go:156: Registering C:\Users\Austin McKinley\haunts\data\rooms\hall-o-mirrors.room
LOG  > 17:22:46 registry.go:156: Registering C:\Users\Austin McKinley\haunts\data\rooms\hallway.room
LOG  > 17:22:46 registry.go:156: Registering C:\Users\Austin McKinley\haunts\data\rooms\hallway2.room
LOG  > 17:22:46 registry.go:156: Registering C:\Users\Austin McKinley\haunts\data\rooms\kitchen.room
LOG  > 17:22:46 registry.go:156: Registering C:\Users\Austin McKinley\haunts\data\rooms\kitchen2.room
LOG  > 17:22:46 registry.go:156: Registering C:\Users\Austin McKinley\haunts\data\rooms\kitchen23.room
LOG  > 17:22:46 registry.go:156: Registering C:\Users\Austin McKinley\haunts\data\rooms\large.room
LOG  > 17:22:46 registry.go:156: Registering C:\Users\Austin McKinley\haunts\data\rooms\master-bedroom.room
LOG  > 17:22:46 registry.go:156: Registering C:\Users\Austin McKinley\haunts\data\rooms\parlour.room
LOG  > 17:22:46 registry.go:156: Registering C:\Users\Austin McKinley\haunts\data\rooms\pavillion.room
LOG  > 17:22:46 registry.go:156: Registering C:\Users\Austin McKinley\haunts\data\rooms\pit-of-despair.room
LOG  > 17:22:46 registry.go:156: Registering C:\Users\Austin McKinley\haunts\data\rooms\restest.room
LOG  > 17:22:46 registry.go:156: Registering C:\Users\Austin McKinley\haunts\data\rooms\terrace.room
LOG  > 17:22:46 registry.go:251: Completed directory 'C:\Users\Austin McKinley\haunts\data\rooms'
LOG  > 17:22:46 registry.go:225: Registering directory: 'C:\Users\Austin McKinley\haunts\data\doors'
LOG  > 17:22:46 registry.go:156: Registering C:\Users\Austin McKinley\haunts\data\doors\door_1.json
LOG  > 17:22:46 registry.go:156: Registering C:\Users\Austin McKinley\haunts\data\doors\door_2.json
LOG  > 17:22:46 registry.go:156: Registering C:\Users\Austin McKinley\haunts\data\doors\test_door_1.json
LOG  > 17:22:46 registry.go:156: Registering C:\Users\Austin McKinley\haunts\data\doors\test_door_2.json
LOG  > 17:22:46 registry.go:251: Completed directory 'C:\Users\Austin McKinley\haunts\data\doors'
LOG  > 17:22:46 registry.go:225: Registering directory: 'C:\Users\Austin McKinley\haunts\data\houses'
LOG  > 17:22:46 registry.go:156: Registering C:\Users\Austin McKinley\haunts\data\houses\cave.house
LOG  > 17:22:46 registry.go:156: Registering C:\Users\Austin McKinley\haunts\data\houses\dance-test.house
LOG  > 17:22:46 registry.go:156: Registering C:\Users\Austin McKinley\haunts\data\houses\farg.house
LOG  > 17:22:46 registry.go:156: Registering C:\Users\Austin McKinley\haunts\data\houses\floortest.house
LOG  > 17:22:46 registry.go:156: Registering C:\Users\Austin McKinley\haunts\data\houses\name.house
LOG  > 17:22:46 registry.go:156: Registering C:\Users\Austin McKinley\haunts\data\houses\secretcellar.house
LOG  > 17:22:46 registry.go:251: Completed directory 'C:\Users\Austin McKinley\haunts\data\houses'
LOG  > 17:22:46 registry.go:225: Registering directory: 'C:\Users\Austin McKinley\haunts\data\actions\aoe_attacks'
LOG  > 17:22:46 registry.go:156: Registering C:\Users\Austin McKinley\haunts\data\actions\aoe_attacks\abjuration.json
LOG  > 17:22:46 registry.go:156: Registering C:\Users\Austin McKinley\haunts\data\actions\aoe_attacks\arc_of_decay.json
LOG  > 17:22:46 registry.go:156: Registering C:\Users\Austin McKinley\haunts\data\actions\aoe_attacks\emr_inhibitor.json
LOG  > 17:22:46 registry.go:156: Registering C:\Users\Austin McKinley\haunts\data\actions\aoe_attacks\first_aid.json
LOG  > 17:22:46 registry.go:156: Registering C:\Users\Austin McKinley\haunts\data\actions\aoe_attacks\ghastly_howl.json
LOG  > 17:22:46 registry.go:156: Registering C:\Users\Austin McKinley\haunts\data\actions\aoe_attacks\paramagnetic_pulse.json
LOG  > 17:22:46 registry.go:156: Registering C:\Users\Austin McKinley\haunts\data\actions\aoe_attacks\poltergeist_blast.json
LOG  > 17:22:46 registry.go:156: Registering C:\Users\Austin McKinley\haunts\data\actions\aoe_attacks\telepathic_coordination.json
LOG  > 17:22:46 registry.go:156: Registering C:\Users\Austin McKinley\haunts\data\actions\aoe_attacks\visions_of_despair.json
LOG  > 17:22:46 registry.go:251: Completed directory 'C:\Users\Austin McKinley\haunts\data\actions\aoe_attacks'
LOG  > 17:22:46 registry.go:225: Registering directory: 'C:\Users\Austin McKinley\haunts\data\actions\basic_attacks'
LOG  > 17:22:46 registry.go:156: Registering C:\Users\Austin McKinley\haunts\data\actions\basic_attacks\agonizing_thoughts.json
LOG  > 17:22:46 registry.go:156: Registering C:\Users\Austin McKinley\haunts\data\actions\basic_attacks\chill_touch.json
LOG  > 17:22:46 registry.go:156: Registering C:\Users\Austin McKinley\haunts\data\actions\basic_attacks\dire_curse.json
LOG  > 17:22:46 registry.go:156: Registering C:\Users\Austin McKinley\haunts\data\actions\basic_attacks\diseased_kiss.json
LOG  > 17:22:46 registry.go:156: Registering C:\Users\Austin McKinley\haunts\data\actions\basic_attacks\eat_brains.json
LOG  > 17:22:46 registry.go:156: Registering C:\Users\Austin McKinley\haunts\data\actions\basic_attacks\ectoplasmic_discharge.json
LOG  > 17:22:46 registry.go:156: Registering C:\Users\Austin McKinley\haunts\data\actions\basic_attacks\exorcise.json
LOG  > 17:22:46 registry.go:156: Registering C:\Users\Austin McKinley\haunts\data\actions\basic_attacks\grave_grasp.json
LOG  > 17:22:46 registry.go:156: Registering C:\Users\Austin McKinley\haunts\data\actions\basic_attacks\kick.json
LOG  > 17:22:46 registry.go:156: Registering C:\Users\Austin McKinley\haunts\data\actions\basic_attacks\pistol.json
LOG  > 17:22:46 registry.go:156: Registering C:\Users\Austin McKinley\haunts\data\actions\basic_attacks\psychic_shroud.json
LOG  > 17:22:46 registry.go:156: Registering C:\Users\Austin McKinley\haunts\data\actions\basic_attacks\psychometric_disruptor.json
LOG  > 17:22:46 registry.go:156: Registering C:\Users\Austin McKinley\haunts\data\actions\basic_attacks\pummel.json
LOG  > 17:22:46 registry.go:156: Registering C:\Users\Austin McKinley\haunts\data\actions\basic_attacks\vengeful_curse.json
LOG  > 17:22:46 registry.go:251: Completed directory 'C:\Users\Austin McKinley\haunts\data\actions\basic_attacks'
LOG  > 17:22:46 registry.go:225: Registering directory: 'C:\Users\Austin McKinley\haunts\data\actions\movement'
LOG  > 17:22:46 registry.go:156: Registering C:\Users\Austin McKinley\haunts\data\actions\movement\test.json
LOG  > 17:22:46 registry.go:251: Completed directory 'C:\Users\Austin McKinley\haunts\data\actions\movement'
LOG  > 17:22:46 registry.go:225: Registering directory: 'C:\Users\Austin McKinley\haunts\data\actions\summons'
LOG  > 17:22:46 registry.go:156: Registering C:\Users\Austin McKinley\haunts\data\actions\summons\summon_angry_shade.json
LOG  > 17:22:46 registry.go:156: Registering C:\Users\Austin McKinley\haunts\data\actions\summons\summon_lost_soul.json
LOG  > 17:22:46 registry.go:251: Completed directory 'C:\Users\Austin McKinley\haunts\data\actions\summons'
LOG  > 17:22:46 registry.go:225: Registering directory: 'C:\Users\Austin McKinley\haunts\data\conditions\basic_conditions'
LOG  > 17:22:46 registry.go:156: Registering C:\Users\Austin McKinley\haunts\data\conditions\basic_conditions\diseased_kiss_con.json
LOG  > 17:22:46 registry.go:156: Registering C:\Users\Austin McKinley\haunts\data\conditions\basic_conditions\emr_inhibitor_con.json
LOG  > 17:22:46 registry.go:156: Registering C:\Users\Austin McKinley\haunts\data\conditions\basic_conditions\first_aid_con.json
LOG  > 17:22:46 registry.go:156: Registering C:\Users\Austin McKinley\haunts\data\conditions\basic_conditions\ghastly_howl_con.json
LOG  > 17:22:46 registry.go:156: Registering C:\Users\Austin McKinley\haunts\data\conditions\basic_conditions\grave_grasp_con.json
LOG  > 17:22:46 registry.go:156: Registering C:\Users\Austin McKinley\haunts\data\conditions\basic_conditions\psychic_shroud_con.json
LOG  > 17:22:46 registry.go:156: Registering C:\Users\Austin McKinley\haunts\data\conditions\basic_conditions\test.json
LOG  > 17:22:46 registry.go:156: Registering C:\Users\Austin McKinley\haunts\data\conditions\basic_conditions\vengeful_curse_con.json
LOG  > 17:22:46 registry.go:156: Registering C:\Users\Austin McKinley\haunts\data\conditions\basic_conditions\visions_of_despair_con.json
LOG  > 17:22:46 registry.go:251: Completed directory 'C:\Users\Austin McKinley\haunts\data\conditions\basic_conditions'
LOG  > 17:22:47 registry.go:225: Registering directory: 'C:\Users\Austin McKinley\haunts\data\furniture'
LOG  > 17:22:47 registry.go:156: Registering C:\Users\Austin McKinley\haunts\data\furniture\armor\armor.json
LOG  > 17:22:47 registry.go:156: Registering C:\Users\Austin McKinley\haunts\data\furniture\armor_01_black\armor_01_black.json
LOG  > 17:22:47 registry.go:156: Registering C:\Users\Austin McKinley\haunts\data\furniture\barrels\barrels_01_black.json
LOG  > 17:22:47 registry.go:156: Registering C:\Users\Austin McKinley\haunts\data\furniture\bed_master\bed_master.json
LOG  > 17:22:47 registry.go:156: Registering C:\Users\Austin McKinley\haunts\data\furniture\box\box_100.json
LOG  > 17:22:47 registry.go:156: Registering C:\Users\Austin McKinley\haunts\data\furniture\box\box_200.json
LOG  > 17:22:47 registry.go:156: Registering C:\Users\Austin McKinley\haunts\data\furniture\chair\chair.json
LOG  > 17:22:47 registry.go:156: Registering C:\Users\Austin McKinley\haunts\data\furniture\clock\clock.json
LOG  > 17:22:47 registry.go:156: Registering C:\Users\Austin McKinley\haunts\data\furniture\clock_02\clock_02.json
LOG  > 17:22:47 registry.go:156: Registering C:\Users\Austin McKinley\haunts\data\furniture\coal_fired_range\coal_fired_range.json
LOG  > 17:22:47 registry.go:156: Registering C:\Users\Austin McKinley\haunts\data\furniture\column\column.json
LOG  > 17:22:47 registry.go:156: Registering C:\Users\Austin McKinley\haunts\data\furniture\column_01_black\column_01_black.json
LOG  > 17:22:47 registry.go:156: Registering C:\Users\Austin McKinley\haunts\data\furniture\column_01_black\column_02_black.json
LOG  > 17:22:47 registry.go:156: Registering C:\Users\Austin McKinley\haunts\data\furniture\column_01_black\column_02b_black.json
LOG  > 17:22:47 registry.go:156: Registering C:\Users\Austin McKinley\haunts\data\furniture\column_01_black\column_02c_black.json
LOG  > 17:22:47 registry.go:156: Registering C:\Users\Austin McKinley\haunts\data\furniture\column_01_black\column_02d_black.json
LOG  > 17:22:47 registry.go:156: Registering C:\Users\Austin McKinley\haunts\data\furniture\column_01_black\column_02e_black.json
LOG  > 17:22:47 registry.go:156: Registering C:\Users\Austin McKinley\haunts\data\furniture\column_01_black\column_02f_black.json
LOG  > 17:22:47 registry.go:156: Registering C:\Users\Austin McKinley\haunts\data\furniture\column_01_black\column_512.json
LOG  > 17:22:47 registry.go:156: Registering C:\Users\Austin McKinley\haunts\data\furniture\column_01_black\column_513.json
LOG  > 17:22:47 registry.go:156: Registering C:\Users\Austin McKinley\haunts\data\furniture\face\face.json
LOG  > 17:22:47 registry.go:156: Registering C:\Users\Austin McKinley\haunts\data\furniture\kitchen_dresser\kitchen_dresser.json
LOG  > 17:22:47 registry.go:156: Registering C:\Users\Austin McKinley\haunts\data\furniture\plant\plant.json
LOG  > 17:22:47 registry.go:156: Registering C:\Users\Austin McKinley\haunts\data\furniture\snooker_table\snooker_table.json
LOG  > 17:22:47 registry.go:156: Registering C:\Users\Austin McKinley\haunts\data\furniture\spawns\cleanse.json
LOG  > 17:22:47 registry.go:156: Registering C:\Users\Austin McKinley\haunts\data\furniture\spawns\clue.json
LOG  > 17:22:47 registry.go:156: Registering C:\Users\Austin McKinley\haunts\data\furniture\spawns\exit.json
LOG  > 17:22:47 registry.go:156: Registering C:\Users\Austin McKinley\haunts\data\furniture\spawns\explorers.json
LOG  > 17:22:47 registry.go:156: Registering C:\Users\Austin McKinley\haunts\data\furniture\spawns\haunts.json
LOG  > 17:22:47 registry.go:156: Registering C:\Users\Austin McKinley\haunts\data\furniture\spawns\relic.json
LOG  > 17:22:47 registry.go:156: Registering C:\Users\Austin McKinley\haunts\data\furniture\statue_01_black\statue_01_black.json
LOG  > 17:22:47 registry.go:156: Registering C:\Users\Austin McKinley\haunts\data\furniture\statue_01_white\statue_01_white.json
LOG  > 17:22:47 registry.go:156: Registering C:\Users\Austin McKinley\haunts\data\furniture\table\table.json
LOG  > 17:22:47 registry.go:156: Registering C:\Users\Austin McKinley\haunts\data\furniture\table_02_experiment\table_02_Experiment.json
LOG  > 17:22:47 registry.go:156: Registering C:\Users\Austin McKinley\haunts\data\furniture\table_02_experiment\table_02_rect.json
LOG  > 17:22:47 registry.go:156: Registering C:\Users\Austin McKinley\haunts\data\furniture\table_02_experiment\table_02_square.json
LOG  > 17:22:47 registry.go:156: Registering C:\Users\Austin McKinley\haunts\data\furniture\toilet\toilet.json
LOG  > 17:22:47 registry.go:156: Registering C:\Users\Austin McKinley\haunts\data\furniture\z_space\z_space.json
LOG  > 17:22:47 registry.go:156: Registering C:\Users\Austin McKinley\haunts\data\furniture\z_space - Copy\z_space_1.json
LOG  > 17:22:47 registry.go:156: Registering C:\Users\Austin McKinley\haunts\data\furniture\z_space - Copy (2)\z_space2.json
LOG  > 17:22:47 registry.go:251: Completed directory 'C:\Users\Austin McKinley\haunts\data\furniture'
LOG  > 17:22:47 registry.go:225: Registering directory: 'C:\Users\Austin McKinley\haunts\data\textures'
LOG  > 17:22:47 registry.go:156: Registering C:\Users\Austin McKinley\haunts\data\textures\100x100.json
LOG  > 17:22:47 registry.go:156: Registering C:\Users\Austin McKinley\haunts\data\textures\bloodstain_drips.json
LOG  > 17:22:47 registry.go:156: Registering C:\Users\Austin McKinley\haunts\data\textures\bloodstain_splatter.json
LOG  > 17:22:47 registry.go:156: Registering C:\Users\Austin McKinley\haunts\data\textures\cobweb.json
LOG  > 17:22:47 registry.go:156: Registering C:\Users\Austin McKinley\haunts\data\textures\face100.json
LOG  > 17:22:47 registry.go:156: Registering C:\Users\Austin McKinley\haunts\data\textures\face200.json
LOG  > 17:22:47 registry.go:156: Registering C:\Users\Austin McKinley\haunts\data\textures\frame_01.json
LOG  > 17:22:47 registry.go:156: Registering C:\Users\Austin McKinley\haunts\data\textures\frame_02.json
LOG  > 17:22:47 registry.go:156: Registering C:\Users\Austin McKinley\haunts\data\textures\mask_01.json
LOG  > 17:22:47 registry.go:156: Registering C:\Users\Austin McKinley\haunts\data\textures\mouse_hole_lf.json
LOG  > 17:22:47 registry.go:156: Registering C:\Users\Austin McKinley\haunts\data\textures\mouse_hole_rf.json
LOG  > 17:22:47 registry.go:156: Registering C:\Users\Austin McKinley\haunts\data\textures\pentagram.json
LOG  > 17:22:47 registry.go:156: Registering C:\Users\Austin McKinley\haunts\data\textures\plaque_01.json
LOG  > 17:22:47 registry.go:156: Registering C:\Users\Austin McKinley\haunts\data\textures\rug-oval-large-01.json
LOG  > 17:22:47 registry.go:156: Registering C:\Users\Austin McKinley\haunts\data\textures\rug-oval-large-02.json
LOG  > 17:22:47 registry.go:156: Registering C:\Users\Austin McKinley\haunts\data\textures\rug-oval-large-03.json
LOG  > 17:22:47 registry.go:156: Registering C:\Users\Austin McKinley\haunts\data\textures\rug-oval-med-01.json
LOG  > 17:22:47 registry.go:156: Registering C:\Users\Austin McKinley\haunts\data\textures\rug-oval-med-02.json
LOG  > 17:22:47 registry.go:156: Registering C:\Users\Austin McKinley\haunts\data\textures\rug-oval-med-03.json
LOG  > 17:22:47 registry.go:156: Registering C:\Users\Austin McKinley\haunts\data\textures\rug-round-01.json
LOG  > 17:22:47 registry.go:156: Registering C:\Users\Austin McKinley\haunts\data\textures\rug-round-02.json
LOG  > 17:22:47 registry.go:156: Registering C:\Users\Austin McKinley\haunts\data\textures\rug-round-03.json
LOG  > 17:22:47 registry.go:156: Registering C:\Users\Austin McKinley\haunts\data\textures\rug-round-04.json
LOG  > 17:22:47 registry.go:156: Registering C:\Users\Austin McKinley\haunts\data\textures\rug-round-05.json
LOG  > 17:22:47 registry.go:156: Registering C:\Users\Austin McKinley\haunts\data\textures\rug-round-large-01.json
LOG  > 17:22:47 registry.go:156: Registering C:\Users\Austin McKinley\haunts\data\textures\rug-round-large-02.json
LOG  > 17:22:47 registry.go:156: Registering C:\Users\Austin McKinley\haunts\data\textures\rug-round-large-03.json
LOG  > 17:22:47 registry.go:156: Registering C:\Users\Austin McKinley\haunts\data\textures\rug-round-large-04.json
LOG  > 17:22:47 registry.go:156: Registering C:\Users\Austin McKinley\haunts\data\textures\rug-round-large-05.json
LOG  > 17:22:47 registry.go:156: Registering C:\Users\Austin McKinley\haunts\data\textures\rug-round-large-06.json
LOG  > 17:22:47 registry.go:156: Registering C:\Users\Austin McKinley\haunts\data\textures\rug-runner-01.json
LOG  > 17:22:47 registry.go:156: Registering C:\Users\Austin McKinley\haunts\data\textures\rug-runner-02.json
LOG  > 17:22:47 registry.go:156: Registering C:\Users\Austin McKinley\haunts\data\textures\rug-runner-03.json
LOG  > 17:22:47 registry.go:156: Registering C:\Users\Austin McKinley\haunts\data\textures\rug-runner-04.json
LOG  > 17:22:47 registry.go:156: Registering C:\Users\Austin McKinley\haunts\data\textures\rug-runner-05.json
LOG  > 17:22:47 registry.go:156: Registering C:\Users\Austin McKinley\haunts\data\textures\thorns_01.json
LOG  > 17:22:47 registry.go:156: Registering C:\Users\Austin McKinley\haunts\data\textures\thorns_02.json
LOG  > 17:22:47 registry.go:156: Registering C:\Users\Austin McKinley\haunts\data\textures\window_01.json
LOG  > 17:22:47 registry.go:156: Registering C:\Users\Austin McKinley\haunts\data\textures\window_02.json
LOG  > 17:22:47 registry.go:156: Registering C:\Users\Austin McKinley\haunts\data\textures\window_03.json
LOG  > 17:22:47 registry.go:156: Registering C:\Users\Austin McKinley\haunts\data\textures\window_04.json
LOG  > 17:22:47 registry.go:251: Completed directory 'C:\Users\Austin McKinley\haunts\data\textures'
LOG  > 17:22:47 registry.go:225: Registering directory: 'C:\Users\Austin McKinley\haunts\data\rooms'
LOG  > 17:22:47 registry.go:156: Registering C:\Users\Austin McKinley\haunts\data\rooms\bathroom.room
LOG  > 17:22:47 registry.go:156: Registering C:\Users\Austin McKinley\haunts\data\rooms\cave.room
LOG  > 17:22:47 registry.go:156: Registering C:\Users\Austin McKinley\haunts\data\rooms\cellar.room
LOG  > 17:22:47 registry.go:156: Registering C:\Users\Austin McKinley\haunts\data\rooms\chapel.room
LOG  > 17:22:47 registry.go:156: Registering C:\Users\Austin McKinley\haunts\data\rooms\dance-studio.room
LOG  > 17:22:47 registry.go:156: Registering C:\Users\Austin McKinley\haunts\data\rooms\dance-studio2.room
LOG  > 17:22:47 registry.go:156: Registering C:\Users\Austin McKinley\haunts\data\rooms\hall-o-mirrors.room
LOG  > 17:22:47 registry.go:156: Registering C:\Users\Austin McKinley\haunts\data\rooms\hallway.room
LOG  > 17:22:47 registry.go:156: Registering C:\Users\Austin McKinley\haunts\data\rooms\hallway2.room
LOG  > 17:22:47 registry.go:156: Registering C:\Users\Austin McKinley\haunts\data\rooms\kitchen.room
LOG  > 17:22:47 registry.go:156: Registering C:\Users\Austin McKinley\haunts\data\rooms\kitchen2.room
LOG  > 17:22:47 registry.go:156: Registering C:\Users\Austin McKinley\haunts\data\rooms\kitchen23.room
LOG  > 17:22:47 registry.go:156: Registering C:\Users\Austin McKinley\haunts\data\rooms\large.room
LOG  > 17:22:47 registry.go:156: Registering C:\Users\Austin McKinley\haunts\data\rooms\master-bedroom.room
LOG  > 17:22:47 registry.go:156: Registering C:\Users\Austin McKinley\haunts\data\rooms\parlour.room
LOG  > 17:22:47 registry.go:156: Registering C:\Users\Austin McKinley\haunts\data\rooms\pavillion.room
LOG  > 17:22:47 registry.go:156: Registering C:\Users\Austin McKinley\haunts\data\rooms\pit-of-despair.room
LOG  > 17:22:47 registry.go:156: Registering C:\Users\Austin McKinley\haunts\data\rooms\restest.room
LOG  > 17:22:47 registry.go:156: Registering C:\Users\Austin McKinley\haunts\data\rooms\terrace.room
LOG  > 17:22:47 registry.go:251: Completed directory 'C:\Users\Austin McKinley\haunts\data\rooms'
LOG  > 17:22:47 registry.go:225: Registering directory: 'C:\Users\Austin McKinley\haunts\data\doors'
LOG  > 17:22:47 registry.go:156: Registering C:\Users\Austin McKinley\haunts\data\doors\door_1.json
LOG  > 17:22:47 registry.go:156: Registering C:\Users\Austin McKinley\haunts\data\doors\door_2.json
LOG  > 17:22:47 registry.go:156: Registering C:\Users\Austin McKinley\haunts\data\doors\test_door_1.json
LOG  > 17:22:47 registry.go:156: Registering C:\Users\Austin McKinley\haunts\data\doors\test_door_2.json
LOG  > 17:22:47 registry.go:251: Completed directory 'C:\Users\Austin McKinley\haunts\data\doors'
LOG  > 17:22:47 registry.go:225: Registering directory: 'C:\Users\Austin McKinley\haunts\data\houses'
LOG  > 17:22:47 registry.go:156: Registering C:\Users\Austin McKinley\haunts\data\houses\cave.house
LOG  > 17:22:47 registry.go:156: Registering C:\Users\Austin McKinley\haunts\data\houses\dance-test.house
LOG  > 17:22:47 registry.go:156: Registering C:\Users\Austin McKinley\haunts\data\houses\farg.house
LOG  > 17:22:47 registry.go:156: Registering C:\Users\Austin McKinley\haunts\data\houses\floortest.house
LOG  > 17:22:47 registry.go:156: Registering C:\Users\Austin McKinley\haunts\data\houses\name.house
LOG  > 17:22:47 registry.go:156: Registering C:\Users\Austin McKinley\haunts\data\houses\secretcellar.house
LOG  > 17:22:47 registry.go:251: Completed directory 'C:\Users\Austin McKinley\haunts\data\houses'
LOG  > 17:22:47 registry.go:225: Registering directory: 'C:\Users\Austin McKinley\haunts\data\actions\aoe_attacks'
LOG  > 17:22:47 registry.go:156: Registering C:\Users\Austin McKinley\haunts\data\actions\aoe_attacks\abjuration.json
LOG  > 17:22:47 registry.go:156: Registering C:\Users\Austin McKinley\haunts\data\actions\aoe_attacks\arc_of_decay.json
LOG  > 17:22:47 registry.go:156: Registering C:\Users\Austin McKinley\haunts\data\actions\aoe_attacks\emr_inhibitor.json
LOG  > 17:22:47 registry.go:156: Registering C:\Users\Austin McKinley\haunts\data\actions\aoe_attacks\first_aid.json
LOG  > 17:22:47 registry.go:156: Registering C:\Users\Austin McKinley\haunts\data\actions\aoe_attacks\ghastly_howl.json
LOG  > 17:22:47 registry.go:156: Registering C:\Users\Austin McKinley\haunts\data\actions\aoe_attacks\paramagnetic_pulse.json
LOG  > 17:22:47 registry.go:156: Registering C:\Users\Austin McKinley\haunts\data\actions\aoe_attacks\poltergeist_blast.json
LOG  > 17:22:47 registry.go:156: Registering C:\Users\Austin McKinley\haunts\data\actions\aoe_attacks\telepathic_coordination.json
LOG  > 17:22:47 registry.go:156: Registering C:\Users\Austin McKinley\haunts\data\actions\aoe_attacks\visions_of_despair.json
LOG  > 17:22:47 registry.go:251: Completed directory 'C:\Users\Austin McKinley\haunts\data\actions\aoe_attacks'
LOG  > 17:22:47 registry.go:225: Registering directory: 'C:\Users\Austin McKinley\haunts\data\actions\basic_attacks'
LOG  > 17:22:47 registry.go:156: Registering C:\Users\Austin McKinley\haunts\data\actions\basic_attacks\agonizing_thoughts.json
LOG  > 17:22:47 registry.go:156: Registering C:\Users\Austin McKinley\haunts\data\actions\basic_attacks\chill_touch.json
LOG  > 17:22:47 registry.go:156: Registering C:\Users\Austin McKinley\haunts\data\actions\basic_attacks\dire_curse.json
LOG  > 17:22:47 registry.go:156: Registering C:\Users\Austin McKinley\haunts\data\actions\basic_attacks\diseased_kiss.json
LOG  > 17:22:47 registry.go:156: Registering C:\Users\Austin McKinley\haunts\data\actions\basic_attacks\eat_brains.json
LOG  > 17:22:47 registry.go:156: Registering C:\Users\Austin McKinley\haunts\data\actions\basic_attacks\ectoplasmic_discharge.json
LOG  > 17:22:47 registry.go:156: Registering C:\Users\Austin McKinley\haunts\data\actions\basic_attacks\exorcise.json
LOG  > 17:22:47 registry.go:156: Registering C:\Users\Austin McKinley\haunts\data\actions\basic_attacks\grave_grasp.json
LOG  > 17:22:47 registry.go:156: Registering C:\Users\Austin McKinley\haunts\data\actions\basic_attacks\kick.json
LOG  > 17:22:47 registry.go:156: Registering C:\Users\Austin McKinley\haunts\data\actions\basic_attacks\pistol.json
LOG  > 17:22:47 registry.go:156: Registering C:\Users\Austin McKinley\haunts\data\actions\basic_attacks\psychic_shroud.json
LOG  > 17:22:47 registry.go:156: Registering C:\Users\Austin McKinley\haunts\data\actions\basic_attacks\psychometric_disruptor.json
LOG  > 17:22:47 registry.go:156: Registering C:\Users\Austin McKinley\haunts\data\actions\basic_attacks\pummel.json
LOG  > 17:22:47 registry.go:156: Registering C:\Users\Austin McKinley\haunts\data\actions\basic_attacks\vengeful_curse.json
LOG  > 17:22:47 registry.go:251: Completed directory 'C:\Users\Austin McKinley\haunts\data\actions\basic_attacks'
LOG  > 17:22:47 registry.go:225: Registering directory: 'C:\Users\Austin McKinley\haunts\data\actions\movement'
LOG  > 17:22:47 registry.go:156: Registering C:\Users\Austin McKinley\haunts\data\actions\movement\test.json
LOG  > 17:22:47 registry.go:251: Completed directory 'C:\Users\Austin McKinley\haunts\data\actions\movement'
LOG  > 17:22:47 registry.go:225: Registering directory: 'C:\Users\Austin McKinley\haunts\data\actions\summons'
LOG  > 17:22:47 registry.go:156: Registering C:\Users\Austin McKinley\haunts\data\actions\summons\summon_angry_shade.json
LOG  > 17:22:47 registry.go:156: Registering C:\Users\Austin McKinley\haunts\data\actions\summons\summon_lost_soul.json
LOG  > 17:22:47 registry.go:251: Completed directory 'C:\Users\Austin McKinley\haunts\data\actions\summons'
LOG  > 17:22:47 registry.go:225: Registering directory: 'C:\Users\Austin McKinley\haunts\data\conditions\basic_conditions'
LOG  > 17:22:47 registry.go:156: Registering C:\Users\Austin McKinley\haunts\data\conditions\basic_conditions\diseased_kiss_con.json
LOG  > 17:22:47 registry.go:156: Registering C:\Users\Austin McKinley\haunts\data\conditions\basic_conditions\emr_inhibitor_con.json
LOG  > 17:22:47 registry.go:156: Registering C:\Users\Austin McKinley\haunts\data\conditions\basic_conditions\first_aid_con.json
LOG  > 17:22:47 registry.go:156: Registering C:\Users\Austin McKinley\haunts\data\conditions\basic_conditions\ghastly_howl_con.json
LOG  > 17:22:47 registry.go:156: Registering C:\Users\Austin McKinley\haunts\data\conditions\basic_conditions\grave_grasp_con.json
LOG  > 17:22:47 registry.go:156: Registering C:\Users\Austin McKinley\haunts\data\conditions\basic_conditions\psychic_shroud_con.json
LOG  > 17:22:47 registry.go:156: Registering C:\Users\Austin McKinley\haunts\data\conditions\basic_conditions\test.json
LOG  > 17:22:47 registry.go:156: Registering C:\Users\Austin McKinley\haunts\data\conditions\basic_conditions\vengeful_curse_con.json
LOG  > 17:22:47 registry.go:156: Registering C:\Users\Austin McKinley\haunts\data\conditions\basic_conditions\visions_of_despair_con.json
LOG  > 17:22:47 registry.go:251: Completed directory 'C:\Users\Austin McKinley\haunts\data\conditions\basic_conditions'
