LOG  > 08:53:56 main.go:64: Setting datadir: C:\MinGW\msys\1.0\home\runningwild\code\src\github.com\runningwild\haunts\haunts_app
LOG  > 08:53:56 main.go:208: Version ref: refs/heads/master
LOG  > 08:53:56 registry.go:225: Registering directory: 'C:\MinGW\msys\1.0\home\runningwild\code\src\github.com\runningwild\haunts\haunts_app\furniture'
LOG  > 08:53:56 registry.go:156: Registering C:\MinGW\msys\1.0\home\runningwild\code\src\github.com\runningwild\haunts\haunts_app\furniture\armor\armor.json
LOG  > 08:53:56 registry.go:156: Registering C:\MinGW\msys\1.0\home\runningwild\code\src\github.com\runningwild\haunts\haunts_app\furniture\armor_01_black\armor_01_black.json
LOG  > 08:53:56 registry.go:156: Registering C:\MinGW\msys\1.0\home\runningwild\code\src\github.com\runningwild\haunts\haunts_app\furniture\barrels\barrels_01_black.json
LOG  > 08:53:56 registry.go:156: Registering C:\MinGW\msys\1.0\home\runningwild\code\src\github.com\runningwild\haunts\haunts_app\furniture\bed_master\bed_master.json
LOG  > 08:53:56 registry.go:156: Registering C:\MinGW\msys\1.0\home\runningwild\code\src\github.com\runningwild\haunts\haunts_app\furniture\box\box_100.json
LOG  > 08:53:56 registry.go:156: Registering C:\MinGW\msys\1.0\home\runningwild\code\src\github.com\runningwild\haunts\haunts_app\furniture\box\box_200.json
LOG  > 08:53:56 registry.go:156: Registering C:\MinGW\msys\1.0\home\runningwild\code\src\github.com\runningwild\haunts\haunts_app\furniture\chair\chair.json
LOG  > 08:53:56 registry.go:156: Registering C:\MinGW\msys\1.0\home\runningwild\code\src\github.com\runningwild\haunts\haunts_app\furniture\clock\clock.json
LOG  > 08:53:56 registry.go:156: Registering C:\MinGW\msys\1.0\home\runningwild\code\src\github.com\runningwild\haunts\haunts_app\furniture\clock_02\clock_02.json
LOG  > 08:53:56 registry.go:156: Registering C:\MinGW\msys\1.0\home\runningwild\code\src\github.com\runningwild\haunts\haunts_app\furniture\coal_fired_range\coal_fired_range.json
LOG  > 08:53:56 registry.go:156: Registering C:\MinGW\msys\1.0\home\runningwild\code\src\github.com\runningwild\haunts\haunts_app\furniture\column\column.json
LOG  > 08:53:56 registry.go:156: Registering C:\MinGW\msys\1.0\home\runningwild\code\src\github.com\runningwild\haunts\haunts_app\furniture\column_01_black\column_01_black.json
LOG  > 08:53:56 registry.go:156: Registering C:\MinGW\msys\1.0\home\runningwild\code\src\github.com\runningwild\haunts\haunts_app\furniture\column_01_black\column_02_black.json
LOG  > 08:53:56 registry.go:156: Registering C:\MinGW\msys\1.0\home\runningwild\code\src\github.com\runningwild\haunts\haunts_app\furniture\column_01_black\column_02b_black.json
LOG  > 08:53:56 registry.go:156: Registering C:\MinGW\msys\1.0\home\runningwild\code\src\github.com\runningwild\haunts\haunts_app\furniture\column_01_black\column_02c_black.json
LOG  > 08:53:56 registry.go:156: Registering C:\MinGW\msys\1.0\home\runningwild\code\src\github.com\runningwild\haunts\haunts_app\furniture\column_01_black\column_02d_black.json
LOG  > 08:53:56 registry.go:156: Registering C:\MinGW\msys\1.0\home\runningwild\code\src\github.com\runningwild\haunts\haunts_app\furniture\column_01_black\column_02e_black.json
LOG  > 08:53:56 registry.go:156: Registering C:\MinGW\msys\1.0\home\runningwild\code\src\github.com\runningwild\haunts\haunts_app\furniture\column_01_black\column_02f_black.json
LOG  > 08:53:56 registry.go:156: Registering C:\MinGW\msys\1.0\home\runningwild\code\src\github.com\runningwild\haunts\haunts_app\furniture\column_01_black\column_512.json
LOG  > 08:53:56 registry.go:156: Registering C:\MinGW\msys\1.0\home\runningwild\code\src\github.com\runningwild\haunts\haunts_app\furniture\column_01_black\column_513.json
LOG  > 08:53:56 registry.go:156: Registering C:\MinGW\msys\1.0\home\runningwild\code\src\github.com\runningwild\haunts\haunts_app\furniture\face\face.json
LOG  > 08:53:56 registry.go:156: Registering C:\MinGW\msys\1.0\home\runningwild\code\src\github.com\runningwild\haunts\haunts_app\furniture\kitchen_dresser\kitchen_dresser.json
LOG  > 08:53:56 registry.go:156: Registering C:\MinGW\msys\1.0\home\runningwild\code\src\github.com\runningwild\haunts\haunts_app\furniture\plant\plant.json
LOG  > 08:53:56 registry.go:156: Registering C:\MinGW\msys\1.0\home\runningwild\code\src\github.com\runningwild\haunts\haunts_app\furniture\snooker_table\snooker_table.json
LOG  > 08:53:56 registry.go:156: Registering C:\MinGW\msys\1.0\home\runningwild\code\src\github.com\runningwild\haunts\haunts_app\furniture\spawns\cleanse.json
LOG  > 08:53:56 registry.go:156: Registering C:\MinGW\msys\1.0\home\runningwild\code\src\github.com\runningwild\haunts\haunts_app\furniture\spawns\clue.json
LOG  > 08:53:56 registry.go:156: Registering C:\MinGW\msys\1.0\home\runningwild\code\src\github.com\runningwild\haunts\haunts_app\furniture\spawns\exit.json
LOG  > 08:53:56 registry.go:156: Registering C:\MinGW\msys\1.0\home\runningwild\code\src\github.com\runningwild\haunts\haunts_app\furniture\spawns\explorers.json
LOG  > 08:53:56 registry.go:156: Registering C:\MinGW\msys\1.0\home\runningwild\code\src\github.com\runningwild\haunts\haunts_app\furniture\spawns\haunts.json
LOG  > 08:53:56 registry.go:156: Registering C:\MinGW\msys\1.0\home\runningwild\code\src\github.com\runningwild\haunts\haunts_app\furniture\spawns\relic.json
LOG  > 08:53:56 registry.go:156: Registering C:\MinGW\msys\1.0\home\runningwild\code\src\github.com\runningwild\haunts\haunts_app\furniture\statue_01_black\statue_01_black.json
LOG  > 08:53:56 registry.go:156: Registering C:\MinGW\msys\1.0\home\runningwild\code\src\github.com\runningwild\haunts\haunts_app\furniture\statue_01_white\statue_01_white.json
LOG  > 08:53:56 registry.go:156: Registering C:\MinGW\msys\1.0\home\runningwild\code\src\github.com\runningwild\haunts\haunts_app\furniture\table\table.json
LOG  > 08:53:56 registry.go:156: Registering C:\MinGW\msys\1.0\home\runningwild\code\src\github.com\runningwild\haunts\haunts_app\furniture\table_02_experiment\table_02_Experiment.json
LOG  > 08:53:56 registry.go:156: Registering C:\MinGW\msys\1.0\home\runningwild\code\src\github.com\runningwild\haunts\haunts_app\furniture\table_02_experiment\table_02_rect.json
LOG  > 08:53:56 registry.go:156: Registering C:\MinGW\msys\1.0\home\runningwild\code\src\github.com\runningwild\haunts\haunts_app\furniture\table_02_experiment\table_02_square.json
LOG  > 08:53:56 registry.go:156: Registering C:\MinGW\msys\1.0\home\runningwild\code\src\github.com\runningwild\haunts\haunts_app\furniture\toilet\toilet.json
LOG  > 08:53:56 registry.go:156: Registering C:\MinGW\msys\1.0\home\runningwild\code\src\github.com\runningwild\haunts\haunts_app\furniture\writing_desk\writing_desk.json
LOG  > 08:53:56 registry.go:156: Registering C:\MinGW\msys\1.0\home\runningwild\code\src\github.com\runningwild\haunts\haunts_app\furniture\z_space\z_space.json
LOG  > 08:53:56 registry.go:156: Registering C:\MinGW\msys\1.0\home\runningwild\code\src\github.com\runningwild\haunts\haunts_app\furniture\z_space - Copy\z_space_1.json
LOG  > 08:53:56 registry.go:156: Registering C:\MinGW\msys\1.0\home\runningwild\code\src\github.com\runningwild\haunts\haunts_app\furniture\z_space - Copy (2)\z_space2.json
LOG  > 08:53:56 registry.go:156: Registering C:\MinGW\msys\1.0\home\runningwild\code\src\github.com\runningwild\haunts\haunts_app\furniture\z_space - Copy (3)\z_space3.json
LOG  > 08:53:56 registry.go:156: Registering C:\MinGW\msys\1.0\home\runningwild\code\src\github.com\runningwild\haunts\haunts_app\furniture\z_space - Copy (4)\z_space4.json
LOG  > 08:53:56 registry.go:251: Completed directory 'C:\MinGW\msys\1.0\home\runningwild\code\src\github.com\runningwild\haunts\haunts_app\furniture'
LOG  > 08:53:56 registry.go:225: Registering directory: 'C:\MinGW\msys\1.0\home\runningwild\code\src\github.com\runningwild\haunts\haunts_app\textures'
LOG  > 08:53:56 registry.go:156: Registering C:\MinGW\msys\1.0\home\runningwild\code\src\github.com\runningwild\haunts\haunts_app\textures\100x100.json
LOG  > 08:53:56 registry.go:156: Registering C:\MinGW\msys\1.0\home\runningwild\code\src\github.com\runningwild\haunts\haunts_app\textures\bloodstain_drips.json
LOG  > 08:53:56 registry.go:156: Registering C:\MinGW\msys\1.0\home\runningwild\code\src\github.com\runningwild\haunts\haunts_app\textures\bloodstain_splatter.json
LOG  > 08:53:56 registry.go:156: Registering C:\MinGW\msys\1.0\home\runningwild\code\src\github.com\runningwild\haunts\haunts_app\textures\cobweb.json
LOG  > 08:53:56 registry.go:156: Registering C:\MinGW\msys\1.0\home\runningwild\code\src\github.com\runningwild\haunts\haunts_app\textures\face100.json
LOG  > 08:53:56 registry.go:156: Registering C:\MinGW\msys\1.0\home\runningwild\code\src\github.com\runningwild\haunts\haunts_app\textures\face200.json
LOG  > 08:53:56 registry.go:156: Registering C:\MinGW\msys\1.0\home\runningwild\code\src\github.com\runningwild\haunts\haunts_app\textures\frame_01.json
LOG  > 08:53:56 registry.go:156: Registering C:\MinGW\msys\1.0\home\runningwild\code\src\github.com\runningwild\haunts\haunts_app\textures\frame_02.json
LOG  > 08:53:56 registry.go:156: Registering C:\MinGW\msys\1.0\home\runningwild\code\src\github.com\runningwild\haunts\haunts_app\textures\mask_01.json
LOG  > 08:53:56 registry.go:156: Registering C:\MinGW\msys\1.0\home\runningwild\code\src\github.com\runningwild\haunts\haunts_app\textures\mouse_hole_lf.json
LOG  > 08:53:56 registry.go:156: Registering C:\MinGW\msys\1.0\home\runningwild\code\src\github.com\runningwild\haunts\haunts_app\textures\mouse_hole_rf.json
LOG  > 08:53:56 registry.go:156: Registering C:\MinGW\msys\1.0\home\runningwild\code\src\github.com\runningwild\haunts\haunts_app\textures\pentagram.json
LOG  > 08:53:56 registry.go:156: Registering C:\MinGW\msys\1.0\home\runningwild\code\src\github.com\runningwild\haunts\haunts_app\textures\plaque_01.json
LOG  > 08:53:56 registry.go:156: Registering C:\MinGW\msys\1.0\home\runningwild\code\src\github.com\runningwild\haunts\haunts_app\textures\rug-oval-large-01.json
LOG  > 08:53:56 registry.go:156: Registering C:\MinGW\msys\1.0\home\runningwild\code\src\github.com\runningwild\haunts\haunts_app\textures\rug-oval-large-02.json
LOG  > 08:53:56 registry.go:156: Registering C:\MinGW\msys\1.0\home\runningwild\code\src\github.com\runningwild\haunts\haunts_app\textures\rug-oval-large-03.json
LOG  > 08:53:56 registry.go:156: Registering C:\MinGW\msys\1.0\home\runningwild\code\src\github.com\runningwild\haunts\haunts_app\textures\rug-oval-med-01.json
LOG  > 08:53:56 registry.go:156: Registering C:\MinGW\msys\1.0\home\runningwild\code\src\github.com\runningwild\haunts\haunts_app\textures\rug-oval-med-02.json
LOG  > 08:53:56 registry.go:156: Registering C:\MinGW\msys\1.0\home\runningwild\code\src\github.com\runningwild\haunts\haunts_app\textures\rug-oval-med-03.json
LOG  > 08:53:56 registry.go:156: Registering C:\MinGW\msys\1.0\home\runningwild\code\src\github.com\runningwild\haunts\haunts_app\textures\rug-round-01.json
LOG  > 08:53:56 registry.go:156: Registering C:\MinGW\msys\1.0\home\runningwild\code\src\github.com\runningwild\haunts\haunts_app\textures\rug-round-02.json
LOG  > 08:53:56 registry.go:156: Registering C:\MinGW\msys\1.0\home\runningwild\code\src\github.com\runningwild\haunts\haunts_app\textures\rug-round-03.json
LOG  > 08:53:56 registry.go:156: Registering C:\MinGW\msys\1.0\home\runningwild\code\src\github.com\runningwild\haunts\haunts_app\textures\rug-round-04.json
LOG  > 08:53:56 registry.go:156: Registering C:\MinGW\msys\1.0\home\runningwild\code\src\github.com\runningwild\haunts\haunts_app\textures\rug-round-05.json
LOG  > 08:53:56 registry.go:156: Registering C:\MinGW\msys\1.0\home\runningwild\code\src\github.com\runningwild\haunts\haunts_app\textures\rug-round-large-01.json
LOG  > 08:53:56 registry.go:156: Registering C:\MinGW\msys\1.0\home\runningwild\code\src\github.com\runningwild\haunts\haunts_app\textures\rug-round-large-02.json
LOG  > 08:53:56 registry.go:156: Registering C:\MinGW\msys\1.0\home\runningwild\code\src\github.com\runningwild\haunts\haunts_app\textures\rug-round-large-03.json
LOG  > 08:53:56 registry.go:156: Registering C:\MinGW\msys\1.0\home\runningwild\code\src\github.com\runningwild\haunts\haunts_app\textures\rug-round-large-04.json
LOG  > 08:53:56 registry.go:156: Registering C:\MinGW\msys\1.0\home\runningwild\code\src\github.com\runningwild\haunts\haunts_app\textures\rug-round-large-05.json
LOG  > 08:53:56 registry.go:156: Registering C:\MinGW\msys\1.0\home\runningwild\code\src\github.com\runningwild\haunts\haunts_app\textures\rug-round-large-06.json
LOG  > 08:53:56 registry.go:156: Registering C:\MinGW\msys\1.0\home\runningwild\code\src\github.com\runningwild\haunts\haunts_app\textures\rug-runner-01.json
LOG  > 08:53:56 registry.go:156: Registering C:\MinGW\msys\1.0\home\runningwild\code\src\github.com\runningwild\haunts\haunts_app\textures\rug-runner-02.json
LOG  > 08:53:56 registry.go:156: Registering C:\MinGW\msys\1.0\home\runningwild\code\src\github.com\runningwild\haunts\haunts_app\textures\rug-runner-03.json
LOG  > 08:53:56 registry.go:156: Registering C:\MinGW\msys\1.0\home\runningwild\code\src\github.com\runningwild\haunts\haunts_app\textures\rug-runner-04.json
LOG  > 08:53:56 registry.go:156: Registering C:\MinGW\msys\1.0\home\runningwild\code\src\github.com\runningwild\haunts\haunts_app\textures\rug-runner-05.json
LOG  > 08:53:56 registry.go:156: Registering C:\MinGW\msys\1.0\home\runningwild\code\src\github.com\runningwild\haunts\haunts_app\textures\thorns_01.json
LOG  > 08:53:56 registry.go:156: Registering C:\MinGW\msys\1.0\home\runningwild\code\src\github.com\runningwild\haunts\haunts_app\textures\thorns_02.json
LOG  > 08:53:56 registry.go:156: Registering C:\MinGW\msys\1.0\home\runningwild\code\src\github.com\runningwild\haunts\haunts_app\textures\window_01.json
LOG  > 08:53:56 registry.go:156: Registering C:\MinGW\msys\1.0\home\runningwild\code\src\github.com\runningwild\haunts\haunts_app\textures\window_02.json
LOG  > 08:53:56 registry.go:156: Registering C:\MinGW\msys\1.0\home\runningwild\code\src\github.com\runningwild\haunts\haunts_app\textures\window_03.json
LOG  > 08:53:56 registry.go:156: Registering C:\MinGW\msys\1.0\home\runningwild\code\src\github.com\runningwild\haunts\haunts_app\textures\window_04.json
LOG  > 08:53:56 registry.go:251: Completed directory 'C:\MinGW\msys\1.0\home\runningwild\code\src\github.com\runningwild\haunts\haunts_app\textures'
LOG  > 08:53:56 registry.go:225: Registering directory: 'C:\MinGW\msys\1.0\home\runningwild\code\src\github.com\runningwild\haunts\haunts_app\spawns\relics'
LOG  > 08:53:56 registry.go:156: Registering C:\MinGW\msys\1.0\home\runningwild\code\src\github.com\runningwild\haunts\haunts_app\spawns\relics\bar.json
LOG  > 08:53:56 registry.go:156: Registering C:\MinGW\msys\1.0\home\runningwild\code\src\github.com\runningwild\haunts\haunts_app\spawns\relics\foo.json
LOG  > 08:53:56 registry.go:251: Completed directory 'C:\MinGW\msys\1.0\home\runningwild\code\src\github.com\runningwild\haunts\haunts_app\spawns\relics'
LOG  > 08:53:56 registry.go:225: Registering directory: 'C:\MinGW\msys\1.0\home\runningwild\code\src\github.com\runningwild\haunts\haunts_app\spawns\clues'
LOG  > 08:53:56 registry.go:156: Registering C:\MinGW\msys\1.0\home\runningwild\code\src\github.com\runningwild\haunts\haunts_app\spawns\clues\bar.json
LOG  > 08:53:56 registry.go:156: Registering C:\MinGW\msys\1.0\home\runningwild\code\src\github.com\runningwild\haunts\haunts_app\spawns\clues\foo.json
LOG  > 08:53:56 registry.go:251: Completed directory 'C:\MinGW\msys\1.0\home\runningwild\code\src\github.com\runningwild\haunts\haunts_app\spawns\clues'
LOG  > 08:53:56 registry.go:225: Registering directory: 'C:\MinGW\msys\1.0\home\runningwild\code\src\github.com\runningwild\haunts\haunts_app\spawns\exits'
LOG  > 08:53:56 registry.go:156: Registering C:\MinGW\msys\1.0\home\runningwild\code\src\github.com\runningwild\haunts\haunts_app\spawns\exits\bar.json
LOG  > 08:53:56 registry.go:156: Registering C:\MinGW\msys\1.0\home\runningwild\code\src\github.com\runningwild\haunts\haunts_app\spawns\exits\foo.json
LOG  > 08:53:56 registry.go:251: Completed directory 'C:\MinGW\msys\1.0\home\runningwild\code\src\github.com\runningwild\haunts\haunts_app\spawns\exits'
LOG  > 08:53:56 registry.go:225: Registering directory: 'C:\MinGW\msys\1.0\home\runningwild\code\src\github.com\runningwild\haunts\haunts_app\spawns\explorers'
LOG  > 08:53:56 registry.go:156: Registering C:\MinGW\msys\1.0\home\runningwild\code\src\github.com\runningwild\haunts\haunts_app\spawns\explorers\bar.json
LOG  > 08:53:56 registry.go:156: Registering C:\MinGW\msys\1.0\home\runningwild\code\src\github.com\runningwild\haunts\haunts_app\spawns\explorers\foo.json
LOG  > 08:53:56 registry.go:251: Completed directory 'C:\MinGW\msys\1.0\home\runningwild\code\src\github.com\runningwild\haunts\haunts_app\spawns\explorers'
LOG  > 08:53:56 registry.go:225: Registering directory: 'C:\MinGW\msys\1.0\home\runningwild\code\src\github.com\runningwild\haunts\haunts_app\spawns\haunts'
LOG  > 08:53:56 registry.go:156: Registering C:\MinGW\msys\1.0\home\runningwild\code\src\github.com\runningwild\haunts\haunts_app\spawns\haunts\master.json
LOG  > 08:53:56 registry.go:156: Registering C:\MinGW\msys\1.0\home\runningwild\code\src\github.com\runningwild\haunts\haunts_app\spawns\haunts\minion.json
LOG  > 08:53:56 registry.go:156: Registering C:\MinGW\msys\1.0\home\runningwild\code\src\github.com\runningwild\haunts\haunts_app\spawns\haunts\servitor.json
LOG  > 08:53:56 registry.go:251: Completed directory 'C:\MinGW\msys\1.0\home\runningwild\code\src\github.com\runningwild\haunts\haunts_app\spawns\haunts'
LOG  > 08:53:56 registry.go:225: Registering directory: 'C:\MinGW\msys\1.0\home\runningwild\code\src\github.com\runningwild\haunts\haunts_app\rooms'
LOG  > 08:53:56 registry.go:156: Registering C:\MinGW\msys\1.0\home\runningwild\code\src\github.com\runningwild\haunts\haunts_app\rooms\bathroom.room
LOG  > 08:53:56 registry.go:156: Registering C:\MinGW\msys\1.0\home\runningwild\code\src\github.com\runningwild\haunts\haunts_app\rooms\cave.room
LOG  > 08:53:56 registry.go:156: Registering C:\MinGW\msys\1.0\home\runningwild\code\src\github.com\runningwild\haunts\haunts_app\rooms\cellar.room
LOG  > 08:53:56 registry.go:156: Registering C:\MinGW\msys\1.0\home\runningwild\code\src\github.com\runningwild\haunts\haunts_app\rooms\chapel.room
LOG  > 08:53:56 registry.go:156: Registering C:\MinGW\msys\1.0\home\runningwild\code\src\github.com\runningwild\haunts\haunts_app\rooms\dance-studio.room
LOG  > 08:53:56 registry.go:156: Registering C:\MinGW\msys\1.0\home\runningwild\code\src\github.com\runningwild\haunts\haunts_app\rooms\dance-studio2.room
LOG  > 08:53:56 registry.go:156: Registering C:\MinGW\msys\1.0\home\runningwild\code\src\github.com\runningwild\haunts\haunts_app\rooms\hall-o-mirrors.room
LOG  > 08:53:57 registry.go:156: Registering C:\MinGW\msys\1.0\home\runningwild\code\src\github.com\runningwild\haunts\haunts_app\rooms\hallway.room
LOG  > 08:53:57 registry.go:156: Registering C:\MinGW\msys\1.0\home\runningwild\code\src\github.com\runningwild\haunts\haunts_app\rooms\hallway2.room
LOG  > 08:53:57 registry.go:156: Registering C:\MinGW\msys\1.0\home\runningwild\code\src\github.com\runningwild\haunts\haunts_app\rooms\kitchen.room
LOG  > 08:53:57 registry.go:156: Registering C:\MinGW\msys\1.0\home\runningwild\code\src\github.com\runningwild\haunts\haunts_app\rooms\kitchen2.room
LOG  > 08:53:57 registry.go:156: Registering C:\MinGW\msys\1.0\home\runningwild\code\src\github.com\runningwild\haunts\haunts_app\rooms\kitchen23.room
LOG  > 08:53:57 registry.go:156: Registering C:\MinGW\msys\1.0\home\runningwild\code\src\github.com\runningwild\haunts\haunts_app\rooms\large.room
LOG  > 08:53:57 registry.go:156: Registering C:\MinGW\msys\1.0\home\runningwild\code\src\github.com\runningwild\haunts\haunts_app\rooms\master-bedroom.room
LOG  > 08:53:57 registry.go:156: Registering C:\MinGW\msys\1.0\home\runningwild\code\src\github.com\runningwild\haunts\haunts_app\rooms\parlour.room
LOG  > 08:53:57 registry.go:156: Registering C:\MinGW\msys\1.0\home\runningwild\code\src\github.com\runningwild\haunts\haunts_app\rooms\pavillion.room
LOG  > 08:53:57 registry.go:156: Registering C:\MinGW\msys\1.0\home\runningwild\code\src\github.com\runningwild\haunts\haunts_app\rooms\pit-of-despair.room
LOG  > 08:53:57 registry.go:156: Registering C:\MinGW\msys\1.0\home\runningwild\code\src\github.com\runningwild\haunts\haunts_app\rooms\restest.room
LOG  > 08:53:57 registry.go:156: Registering C:\MinGW\msys\1.0\home\runningwild\code\src\github.com\runningwild\haunts\haunts_app\rooms\terrace.room
LOG  > 08:53:57 registry.go:251: Completed directory 'C:\MinGW\msys\1.0\home\runningwild\code\src\github.com\runningwild\haunts\haunts_app\rooms'
LOG  > 08:53:57 registry.go:225: Registering directory: 'C:\MinGW\msys\1.0\home\runningwild\code\src\github.com\runningwild\haunts\haunts_app\doors'
LOG  > 08:53:57 registry.go:156: Registering C:\MinGW\msys\1.0\home\runningwild\code\src\github.com\runningwild\haunts\haunts_app\doors\door_1.json
LOG  > 08:53:57 registry.go:156: Registering C:\MinGW\msys\1.0\home\runningwild\code\src\github.com\runningwild\haunts\haunts_app\doors\door_2.json
LOG  > 08:53:57 registry.go:156: Registering C:\MinGW\msys\1.0\home\runningwild\code\src\github.com\runningwild\haunts\haunts_app\doors\test_door_1.json
LOG  > 08:53:57 registry.go:156: Registering C:\MinGW\msys\1.0\home\runningwild\code\src\github.com\runningwild\haunts\haunts_app\doors\test_door_2.json
LOG  > 08:53:57 registry.go:251: Completed directory 'C:\MinGW\msys\1.0\home\runningwild\code\src\github.com\runningwild\haunts\haunts_app\doors'
LOG  > 08:53:57 registry.go:225: Registering directory: 'C:\MinGW\msys\1.0\home\runningwild\code\src\github.com\runningwild\haunts\haunts_app\houses'
LOG  > 08:53:57 registry.go:156: Registering C:\MinGW\msys\1.0\home\runningwild\code\src\github.com\runningwild\haunts\haunts_app\houses\cave.house
LOG  > 08:53:57 registry.go:156: Registering C:\MinGW\msys\1.0\home\runningwild\code\src\github.com\runningwild\haunts\haunts_app\houses\dance-test.house
LOG  > 08:53:57 registry.go:156: Registering C:\MinGW\msys\1.0\home\runningwild\code\src\github.com\runningwild\haunts\haunts_app\houses\farg.house
LOG  > 08:53:57 registry.go:156: Registering C:\MinGW\msys\1.0\home\runningwild\code\src\github.com\runningwild\haunts\haunts_app\houses\floortest.house
LOG  > 08:53:57 registry.go:156: Registering C:\MinGW\msys\1.0\home\runningwild\code\src\github.com\runningwild\haunts\haunts_app\houses\name.house
LOG  > 08:53:57 registry.go:156: Registering C:\MinGW\msys\1.0\home\runningwild\code\src\github.com\runningwild\haunts\haunts_app\houses\secretcellar.house
LOG  > 08:53:57 registry.go:251: Completed directory 'C:\MinGW\msys\1.0\home\runningwild\code\src\github.com\runningwild\haunts\haunts_app\houses'
LOG  > 08:53:57 registry.go:225: Registering directory: 'C:\MinGW\msys\1.0\home\runningwild\code\src\github.com\runningwild\haunts\haunts_app\actions\aoe_attacks'
LOG  > 08:53:57 registry.go:156: Registering C:\MinGW\msys\1.0\home\runningwild\code\src\github.com\runningwild\haunts\haunts_app\actions\aoe_attacks\abjuration.json
LOG  > 08:53:57 registry.go:156: Registering C:\MinGW\msys\1.0\home\runningwild\code\src\github.com\runningwild\haunts\haunts_app\actions\aoe_attacks\arc_of_decay.json
LOG  > 08:53:57 registry.go:156: Registering C:\MinGW\msys\1.0\home\runningwild\code\src\github.com\runningwild\haunts\haunts_app\actions\aoe_attacks\emr_inhibitor.json
LOG  > 08:53:57 registry.go:156: Registering C:\MinGW\msys\1.0\home\runningwild\code\src\github.com\runningwild\haunts\haunts_app\actions\aoe_attacks\first_aid.json
LOG  > 08:53:57 registry.go:156: Registering C:\MinGW\msys\1.0\home\runningwild\code\src\github.com\runningwild\haunts\haunts_app\actions\aoe_attacks\ghastly_howl.json
LOG  > 08:53:57 registry.go:156: Registering C:\MinGW\msys\1.0\home\runningwild\code\src\github.com\runningwild\haunts\haunts_app\actions\aoe_attacks\paramagnetic_pulse.json
LOG  > 08:53:57 registry.go:156: Registering C:\MinGW\msys\1.0\home\runningwild\code\src\github.com\runningwild\haunts\haunts_app\actions\aoe_attacks\poltergeist_blast.json
LOG  > 08:53:57 registry.go:156: Registering C:\MinGW\msys\1.0\home\runningwild\code\src\github.com\runningwild\haunts\haunts_app\actions\aoe_attacks\telepathic_coordination.json
LOG  > 08:53:57 registry.go:156: Registering C:\MinGW\msys\1.0\home\runningwild\code\src\github.com\runningwild\haunts\haunts_app\actions\aoe_attacks\visions_of_despair.json
LOG  > 08:53:57 registry.go:251: Completed directory 'C:\MinGW\msys\1.0\home\runningwild\code\src\github.com\runningwild\haunts\haunts_app\actions\aoe_attacks'
LOG  > 08:53:57 registry.go:225: Registering directory: 'C:\MinGW\msys\1.0\home\runningwild\code\src\github.com\runningwild\haunts\haunts_app\actions\basic_attacks'
LOG  > 08:53:57 registry.go:156: Registering C:\MinGW\msys\1.0\home\runningwild\code\src\github.com\runningwild\haunts\haunts_app\actions\basic_attacks\agonizing_thoughts.json
LOG  > 08:53:57 registry.go:156: Registering C:\MinGW\msys\1.0\home\runningwild\code\src\github.com\runningwild\haunts\haunts_app\actions\basic_attacks\chill_touch.json
LOG  > 08:53:57 registry.go:156: Registering C:\MinGW\msys\1.0\home\runningwild\code\src\github.com\runningwild\haunts\haunts_app\actions\basic_attacks\dire_curse.json
LOG  > 08:53:57 registry.go:156: Registering C:\MinGW\msys\1.0\home\runningwild\code\src\github.com\runningwild\haunts\haunts_app\actions\basic_attacks\diseased_kiss.json
LOG  > 08:53:57 registry.go:156: Registering C:\MinGW\msys\1.0\home\runningwild\code\src\github.com\runningwild\haunts\haunts_app\actions\basic_attacks\eat_brains.json
LOG  > 08:53:57 registry.go:156: Registering C:\MinGW\msys\1.0\home\runningwild\code\src\github.com\runningwild\haunts\haunts_app\actions\basic_attacks\ectoplasmic_discharge.json
LOG  > 08:53:57 registry.go:156: Registering C:\MinGW\msys\1.0\home\runningwild\code\src\github.com\runningwild\haunts\haunts_app\actions\basic_attacks\exorcise.json
LOG  > 08:53:57 registry.go:156: Registering C:\MinGW\msys\1.0\home\runningwild\code\src\github.com\runningwild\haunts\haunts_app\actions\basic_attacks\grave_grasp.json
LOG  > 08:53:57 registry.go:156: Registering C:\MinGW\msys\1.0\home\runningwild\code\src\github.com\runningwild\haunts\haunts_app\actions\basic_attacks\kick.json
LOG  > 08:53:57 registry.go:156: Registering C:\MinGW\msys\1.0\home\runningwild\code\src\github.com\runningwild\haunts\haunts_app\actions\basic_attacks\pistol.json
LOG  > 08:53:57 registry.go:156: Registering C:\MinGW\msys\1.0\home\runningwild\code\src\github.com\runningwild\haunts\haunts_app\actions\basic_attacks\psychic_shroud.json
LOG  > 08:53:57 registry.go:156: Registering C:\MinGW\msys\1.0\home\runningwild\code\src\github.com\runningwild\haunts\haunts_app\actions\basic_attacks\psychometric_disruptor.json
LOG  > 08:53:57 registry.go:156: Registering C:\MinGW\msys\1.0\home\runningwild\code\src\github.com\runningwild\haunts\haunts_app\actions\basic_attacks\pummel.json
LOG  > 08:53:57 registry.go:156: Registering C:\MinGW\msys\1.0\home\runningwild\code\src\github.com\runningwild\haunts\haunts_app\actions\basic_attacks\vengeful_curse.json
LOG  > 08:53:57 registry.go:251: Completed directory 'C:\MinGW\msys\1.0\home\runningwild\code\src\github.com\runningwild\haunts\haunts_app\actions\basic_attacks'
LOG  > 08:53:57 registry.go:225: Registering directory: 'C:\MinGW\msys\1.0\home\runningwild\code\src\github.com\runningwild\haunts\haunts_app\actions\movement'
LOG  > 08:53:57 registry.go:156: Registering C:\MinGW\msys\1.0\home\runningwild\code\src\github.com\runningwild\haunts\haunts_app\actions\movement\test.json
LOG  > 08:53:57 registry.go:251: Completed directory 'C:\MinGW\msys\1.0\home\runningwild\code\src\github.com\runningwild\haunts\haunts_app\actions\movement'
LOG  > 08:53:57 registry.go:225: Registering directory: 'C:\MinGW\msys\1.0\home\runningwild\code\src\github.com\runningwild\haunts\haunts_app\actions\summons'
LOG  > 08:53:57 registry.go:156: Registering C:\MinGW\msys\1.0\home\runningwild\code\src\github.com\runningwild\haunts\haunts_app\actions\summons\summon_angry_shade.json
LOG  > 08:53:57 registry.go:156: Registering C:\MinGW\msys\1.0\home\runningwild\code\src\github.com\runningwild\haunts\haunts_app\actions\summons\summon_lost_soul.json
LOG  > 08:53:57 registry.go:251: Completed directory 'C:\MinGW\msys\1.0\home\runningwild\code\src\github.com\runningwild\haunts\haunts_app\actions\summons'
LOG  > 08:53:57 registry.go:225: Registering directory: 'C:\MinGW\msys\1.0\home\runningwild\code\src\github.com\runningwild\haunts\haunts_app\conditions\basic_conditions'
LOG  > 08:53:57 registry.go:156: Registering C:\MinGW\msys\1.0\home\runningwild\code\src\github.com\runningwild\haunts\haunts_app\conditions\basic_conditions\diseased_kiss_con.json
LOG  > 08:53:57 registry.go:156: Registering C:\MinGW\msys\1.0\home\runningwild\code\src\github.com\runningwild\haunts\haunts_app\conditions\basic_conditions\emr_inhibitor_con.json
LOG  > 08:53:57 registry.go:156: Registering C:\MinGW\msys\1.0\home\runningwild\code\src\github.com\runningwild\haunts\haunts_app\conditions\basic_conditions\error.json
LOG  > 08:53:57 registry.go:156: Registering C:\MinGW\msys\1.0\home\runningwild\code\src\github.com\runningwild\haunts\haunts_app\conditions\basic_conditions\first_aid_con.json
LOG  > 08:53:57 registry.go:156: Registering C:\MinGW\msys\1.0\home\runningwild\code\src\github.com\runningwild\haunts\haunts_app\conditions\basic_conditions\ghastly_howl_con.json
LOG  > 08:53:57 registry.go:156: Registering C:\MinGW\msys\1.0\home\runningwild\code\src\github.com\runningwild\haunts\haunts_app\conditions\basic_conditions\grave_grasp_con.json
LOG  > 08:53:57 registry.go:156: Registering C:\MinGW\msys\1.0\home\runningwild\code\src\github.com\runningwild\haunts\haunts_app\conditions\basic_conditions\psychic_shroud_con.json
LOG  > 08:53:57 registry.go:156: Registering C:\MinGW\msys\1.0\home\runningwild\code\src\github.com\runningwild\haunts\haunts_app\conditions\basic_conditions\test.json
LOG  > 08:53:57 registry.go:156: Registering C:\MinGW\msys\1.0\home\runningwild\code\src\github.com\runningwild\haunts\haunts_app\conditions\basic_conditions\vengeful_curse_con.json
LOG  > 08:53:57 registry.go:156: Registering C:\MinGW\msys\1.0\home\runningwild\code\src\github.com\runningwild\haunts\haunts_app\conditions\basic_conditions\visions_of_despair_con.json
LOG  > 08:53:57 registry.go:251: Completed directory 'C:\MinGW\msys\1.0\home\runningwild\code\src\github.com\runningwild\haunts\haunts_app\conditions\basic_conditions'
LOG  > 08:53:57 registry.go:225: Registering directory: 'C:\MinGW\msys\1.0\home\runningwild\code\src\github.com\runningwild\haunts\haunts_app\entities'
LOG  > 08:53:57 registry.go:156: Registering C:\MinGW\msys\1.0\home\runningwild\code\src\github.com\runningwild\haunts\haunts_app\entities\corpse.json
LOG  > 08:53:57 registry.go:156: Registering C:\MinGW\msys\1.0\home\runningwild\code\src\github.com\runningwild\haunts\haunts_app\entities\hunter.json
LOG  > 08:53:57 registry.go:156: Registering C:\MinGW\msys\1.0\home\runningwild\code\src\github.com\runningwild\haunts\haunts_app\entities\master.json
LOG  > 08:53:57 registry.go:156: Registering C:\MinGW\msys\1.0\home\runningwild\code\src\github.com\runningwild\haunts\haunts_app\entities\occultist.json
LOG  > 08:53:57 registry.go:156: Registering C:\MinGW\msys\1.0\home\runningwild\code\src\github.com\runningwild\haunts\haunts_app\entities\shade.json
LOG  > 08:53:57 registry.go:156: Registering C:\MinGW\msys\1.0\home\runningwild\code\src\github.com\runningwild\haunts\haunts_app\entities\teen.json
LOG  > 08:53:57 registry.go:156: Registering C:\MinGW\msys\1.0\home\runningwild\code\src\github.com\runningwild\haunts\haunts_app\entities\wisp.json
LOG  > 08:53:57 registry.go:156: Registering C:\MinGW\msys\1.0\home\runningwild\code\src\github.com\runningwild\haunts\haunts_app\entities\wraith.json
LOG  > 08:53:57 registry.go:251: Completed directory 'C:\MinGW\msys\1.0\home\runningwild\code\src\github.com\runningwild\haunts\haunts_app\entities'
LOG  > 08:53:57 registry.go:156: Registering C:\MinGW\msys\1.0\home\runningwild\code\src\github.com\runningwild\haunts\haunts_app\houses\name.house
LOG  > 08:53:57 registry.go:156: Registering C:\MinGW\msys\1.0\home\runningwild\code\src\github.com\runningwild\haunts\haunts_app\rooms\bathroom.room
LOG  > 08:53:57 registry.go:156: Registering C:\MinGW\msys\1.0\home\runningwild\code\src\github.com\runningwild\haunts\haunts_app\houses\name.house
LOG  > 08:53:57 registry.go:156: Registering C:\MinGW\msys\1.0\home\runningwild\code\src\github.com\runningwild\haunts\haunts_app\ui\main_bar.json
LOG  > 08:53:57 registry.go:156: Registering C:\MinGW\msys\1.0\home\runningwild\code\src\github.com\runningwild\haunts\haunts_app\ui\explorer_setup\config.json
LOG  > 08:54:03 registry.go:156: Registering C:\MinGW\msys\1.0\home\runningwild\code\src\github.com\runningwild\haunts\haunts_app\ui\widgets\roster_chooser.json
LOG  > 08:54:03 registry.go:156: Registering C:\MinGW\msys\1.0\home\runningwild\code\src\github.com\runningwild\haunts\haunts_app\ui\widgets\roster_chooser.json
LOG  > 08:54:35 ui_explorers_setup.go:281: Selected 2
LOG  > 08:54:37 los.go:93: Initial explorer 0 at position: 37, 35
LOG  > 08:54:37 registry.go:156: Registering C:\MinGW\msys\1.0\home\runningwild\code\src\github.com\runningwild\haunts\haunts_app\ui\widgets\roster_chooser.json
LOG  > 08:54:40 registry.go:156: Registering C:\MinGW\msys\1.0\home\runningwild\code\src\github.com\runningwild\haunts\haunts_app\ui\widgets\roster_chooser.json
ERROR> 08:55:00 conditions.go:46: Unable to find a Condition named 'Telepathic Coordination'
ERROR> 08:55:00 conditions.go:46: Unable to find a Condition named 'Telepathic Coordination'
